{"C:\\Users\\shacharW\\Desktop\\shacharwild-sqe-workshop-2018-exercise-2-master\\src\\js\\code-analyzer.js":{"path":"C:\\Users\\shacharW\\Desktop\\shacharwild-sqe-workshop-2018-exercise-2-master\\src\\js\\code-analyzer.js","statementMap":{"0":{"start":{"line":3,"column":11},"end":{"line":3,"column":13}},"1":{"start":{"line":4,"column":18},"end":{"line":14,"column":1}},"2":{"start":{"line":5,"column":4},"end":{"line":13,"column":5}},"3":{"start":{"line":6,"column":8},"end":{"line":6,"column":18}},"4":{"start":{"line":9,"column":8},"end":{"line":9,"column":20}},"5":{"start":{"line":10,"column":25},"end":{"line":10,"column":70}},"6":{"start":{"line":11,"column":8},"end":{"line":11,"column":48}},"7":{"start":{"line":12,"column":8},"end":{"line":12,"column":22}},"8":{"start":{"line":19,"column":22},"end":{"line":30,"column":1}},"9":{"start":{"line":32,"column":8},"end":{"line":32,"column":13}},"10":{"start":{"line":33,"column":17},"end":{"line":33,"column":18}},"11":{"start":{"line":35,"column":17},"end":{"line":35,"column":22}},"12":{"start":{"line":38,"column":4},"end":{"line":38,"column":16}},"13":{"start":{"line":39,"column":4},"end":{"line":39,"column":14}},"14":{"start":{"line":40,"column":4},"end":{"line":40,"column":19}},"15":{"start":{"line":41,"column":4},"end":{"line":41,"column":24}},"16":{"start":{"line":42,"column":4},"end":{"line":42,"column":23}},"17":{"start":{"line":43,"column":4},"end":{"line":43,"column":24}},"18":{"start":{"line":44,"column":4},"end":{"line":51,"column":5}},"19":{"start":{"line":45,"column":8},"end":{"line":45,"column":32}},"20":{"start":{"line":46,"column":8},"end":{"line":46,"column":50}},"21":{"start":{"line":49,"column":8},"end":{"line":49,"column":47}},"22":{"start":{"line":50,"column":8},"end":{"line":50,"column":35}},"23":{"start":{"line":52,"column":4},"end":{"line":52,"column":18}},"24":{"start":{"line":56,"column":4},"end":{"line":56,"column":42}},"25":{"start":{"line":61,"column":14},"end":{"line":61,"column":16}},"26":{"start":{"line":64,"column":4},"end":{"line":72,"column":5}},"27":{"start":{"line":65,"column":8},"end":{"line":66,"column":35}},"28":{"start":{"line":66,"column":12},"end":{"line":66,"column":35}},"29":{"start":{"line":67,"column":8},"end":{"line":68,"column":34}},"30":{"start":{"line":68,"column":12},"end":{"line":68,"column":34}},"31":{"start":{"line":71,"column":8},"end":{"line":71,"column":35}},"32":{"start":{"line":73,"column":4},"end":{"line":73,"column":17}},"33":{"start":{"line":78,"column":16},"end":{"line":78,"column":18}},"34":{"start":{"line":79,"column":14},"end":{"line":79,"column":16}},"35":{"start":{"line":80,"column":4},"end":{"line":94,"column":49}},"36":{"start":{"line":81,"column":8},"end":{"line":81,"column":86}},"37":{"start":{"line":83,"column":10},"end":{"line":94,"column":49}},"38":{"start":{"line":84,"column":8},"end":{"line":86,"column":9}},"39":{"start":{"line":85,"column":12},"end":{"line":85,"column":42}},"40":{"start":{"line":87,"column":8},"end":{"line":89,"column":9}},"41":{"start":{"line":88,"column":12},"end":{"line":88,"column":43}},"42":{"start":{"line":90,"column":23},"end":{"line":90,"column":41}},"43":{"start":{"line":91,"column":8},"end":{"line":91,"column":36}},"44":{"start":{"line":94,"column":8},"end":{"line":94,"column":49}},"45":{"start":{"line":95,"column":4},"end":{"line":95,"column":17}},"46":{"start":{"line":100,"column":4},"end":{"line":116,"column":5}},"47":{"start":{"line":101,"column":20},"end":{"line":101,"column":22}},"48":{"start":{"line":102,"column":8},"end":{"line":111,"column":90}},"49":{"start":{"line":103,"column":12},"end":{"line":106,"column":78}},"50":{"start":{"line":104,"column":16},"end":{"line":104,"column":84}},"51":{"start":{"line":106,"column":16},"end":{"line":106,"column":78}},"52":{"start":{"line":108,"column":13},"end":{"line":111,"column":90}},"53":{"start":{"line":109,"column":12},"end":{"line":109,"column":81}},"54":{"start":{"line":111,"column":12},"end":{"line":111,"column":90}},"55":{"start":{"line":112,"column":8},"end":{"line":112,"column":21}},"56":{"start":{"line":115,"column":8},"end":{"line":115,"column":44}},"57":{"start":{"line":120,"column":4},"end":{"line":123,"column":37}},"58":{"start":{"line":121,"column":8},"end":{"line":121,"column":91}},"59":{"start":{"line":123,"column":8},"end":{"line":123,"column":37}},"60":{"start":{"line":127,"column":13},"end":{"line":127,"column":15}},"61":{"start":{"line":129,"column":4},"end":{"line":135,"column":5}},"62":{"start":{"line":130,"column":8},"end":{"line":130,"column":44}},"63":{"start":{"line":131,"column":8},"end":{"line":131,"column":41}},"64":{"start":{"line":133,"column":8},"end":{"line":133,"column":34}},"65":{"start":{"line":134,"column":8},"end":{"line":134,"column":31}},"66":{"start":{"line":137,"column":4},"end":{"line":137,"column":62}},"67":{"start":{"line":139,"column":22},"end":{"line":139,"column":45}},"68":{"start":{"line":141,"column":4},"end":{"line":144,"column":5}},"69":{"start":{"line":142,"column":17},"end":{"line":142,"column":41}},"70":{"start":{"line":143,"column":8},"end":{"line":143,"column":74}},"71":{"start":{"line":149,"column":16},"end":{"line":149,"column":18}},"72":{"start":{"line":150,"column":17},"end":{"line":150,"column":19}},"73":{"start":{"line":152,"column":4},"end":{"line":157,"column":5}},"74":{"start":{"line":153,"column":8},"end":{"line":153,"column":79}},"75":{"start":{"line":156,"column":8},"end":{"line":156,"column":33}},"76":{"start":{"line":159,"column":4},"end":{"line":163,"column":5}},"77":{"start":{"line":160,"column":8},"end":{"line":160,"column":87}},"78":{"start":{"line":162,"column":8},"end":{"line":162,"column":38}},"79":{"start":{"line":164,"column":4},"end":{"line":164,"column":47}},"80":{"start":{"line":167,"column":18},"end":{"line":167,"column":20}},"81":{"start":{"line":168,"column":4},"end":{"line":169,"column":28}},"82":{"start":{"line":169,"column":8},"end":{"line":169,"column":28}},"83":{"start":{"line":170,"column":4},"end":{"line":171,"column":29}},"84":{"start":{"line":171,"column":8},"end":{"line":171,"column":29}},"85":{"start":{"line":172,"column":4},"end":{"line":173,"column":60}},"86":{"start":{"line":173,"column":8},"end":{"line":173,"column":60}},"87":{"start":{"line":174,"column":4},"end":{"line":176,"column":5}},"88":{"start":{"line":175,"column":8},"end":{"line":175,"column":40}},"89":{"start":{"line":177,"column":4},"end":{"line":177,"column":19}},"90":{"start":{"line":181,"column":16},"end":{"line":181,"column":18}},"91":{"start":{"line":182,"column":4},"end":{"line":187,"column":76}},"92":{"start":{"line":183,"column":8},"end":{"line":183,"column":68}},"93":{"start":{"line":184,"column":9},"end":{"line":187,"column":76}},"94":{"start":{"line":185,"column":8},"end":{"line":185,"column":69}},"95":{"start":{"line":187,"column":8},"end":{"line":187,"column":76}},"96":{"start":{"line":188,"column":4},"end":{"line":188,"column":19}},"97":{"start":{"line":191,"column":19},"end":{"line":191,"column":21}},"98":{"start":{"line":192,"column":4},"end":{"line":193,"column":30}},"99":{"start":{"line":193,"column":8},"end":{"line":193,"column":30}},"100":{"start":{"line":194,"column":4},"end":{"line":195,"column":31}},"101":{"start":{"line":195,"column":8},"end":{"line":195,"column":31}},"102":{"start":{"line":196,"column":4},"end":{"line":197,"column":63}},"103":{"start":{"line":197,"column":8},"end":{"line":197,"column":63}},"104":{"start":{"line":198,"column":4},"end":{"line":200,"column":5}},"105":{"start":{"line":199,"column":8},"end":{"line":199,"column":43}},"106":{"start":{"line":201,"column":4},"end":{"line":201,"column":20}},"107":{"start":{"line":205,"column":17},"end":{"line":205,"column":19}},"108":{"start":{"line":206,"column":4},"end":{"line":211,"column":79}},"109":{"start":{"line":207,"column":8},"end":{"line":207,"column":71}},"110":{"start":{"line":208,"column":9},"end":{"line":211,"column":79}},"111":{"start":{"line":209,"column":8},"end":{"line":209,"column":72}},"112":{"start":{"line":211,"column":8},"end":{"line":211,"column":79}},"113":{"start":{"line":212,"column":4},"end":{"line":212,"column":20}},"114":{"start":{"line":217,"column":13},"end":{"line":217,"column":22}},"115":{"start":{"line":218,"column":25},"end":{"line":218,"column":36}},"116":{"start":{"line":219,"column":10},"end":{"line":219,"column":11}},"117":{"start":{"line":220,"column":4},"end":{"line":231,"column":5}},"118":{"start":{"line":221,"column":8},"end":{"line":227,"column":13}},"119":{"start":{"line":222,"column":12},"end":{"line":222,"column":46}},"120":{"start":{"line":225,"column":12},"end":{"line":227,"column":13}},"121":{"start":{"line":226,"column":16},"end":{"line":226,"column":40}},"122":{"start":{"line":230,"column":8},"end":{"line":230,"column":29}},"123":{"start":{"line":232,"column":4},"end":{"line":232,"column":50}},"124":{"start":{"line":236,"column":4},"end":{"line":238,"column":5}},"125":{"start":{"line":237,"column":8},"end":{"line":237,"column":32}},"126":{"start":{"line":241,"column":4},"end":{"line":244,"column":5}},"127":{"start":{"line":242,"column":8},"end":{"line":242,"column":27}},"128":{"start":{"line":243,"column":8},"end":{"line":243,"column":53}},"129":{"start":{"line":245,"column":4},"end":{"line":246,"column":66}},"130":{"start":{"line":246,"column":8},"end":{"line":246,"column":66}},"131":{"start":{"line":251,"column":4},"end":{"line":253,"column":5}},"132":{"start":{"line":252,"column":8},"end":{"line":252,"column":37}},"133":{"start":{"line":257,"column":4},"end":{"line":257,"column":20}},"134":{"start":{"line":262,"column":25},"end":{"line":262,"column":55}},"135":{"start":{"line":263,"column":4},"end":{"line":279,"column":10}},"136":{"start":{"line":264,"column":24},"end":{"line":264,"column":52}},"137":{"start":{"line":267,"column":8},"end":{"line":279,"column":9}},"138":{"start":{"line":268,"column":12},"end":{"line":275,"column":13}},"139":{"start":{"line":269,"column":28},"end":{"line":269,"column":49}},"140":{"start":{"line":270,"column":16},"end":{"line":270,"column":98}},"141":{"start":{"line":273,"column":16},"end":{"line":273,"column":55}},"142":{"start":{"line":274,"column":16},"end":{"line":274,"column":101}},"143":{"start":{"line":278,"column":12},"end":{"line":278,"column":107}},"144":{"start":{"line":284,"column":22},"end":{"line":284,"column":25}},"145":{"start":{"line":285,"column":17},"end":{"line":285,"column":19}},"146":{"start":{"line":286,"column":4},"end":{"line":289,"column":36}},"147":{"start":{"line":287,"column":8},"end":{"line":287,"column":41}},"148":{"start":{"line":289,"column":8},"end":{"line":289,"column":36}},"149":{"start":{"line":290,"column":4},"end":{"line":295,"column":5}},"150":{"start":{"line":291,"column":8},"end":{"line":291,"column":48}},"151":{"start":{"line":293,"column":8},"end":{"line":294,"column":31}},"152":{"start":{"line":294,"column":12},"end":{"line":294,"column":31}},"153":{"start":{"line":296,"column":4},"end":{"line":296,"column":23}},"154":{"start":{"line":297,"column":4},"end":{"line":297,"column":25}},"155":{"start":{"line":301,"column":4},"end":{"line":305,"column":5}},"156":{"start":{"line":302,"column":19},"end":{"line":302,"column":57}},"157":{"start":{"line":303,"column":20},"end":{"line":303,"column":59}},"158":{"start":{"line":304,"column":8},"end":{"line":304,"column":77}},"159":{"start":{"line":306,"column":4},"end":{"line":311,"column":5}},"160":{"start":{"line":307,"column":19},"end":{"line":307,"column":53}},"161":{"start":{"line":308,"column":21},"end":{"line":308,"column":70}},"162":{"start":{"line":309,"column":21},"end":{"line":309,"column":41}},"163":{"start":{"line":310,"column":8},"end":{"line":310,"column":73}},"164":{"start":{"line":316,"column":4},"end":{"line":318,"column":5}},"165":{"start":{"line":317,"column":8},"end":{"line":317,"column":19}},"166":{"start":{"line":319,"column":4},"end":{"line":319,"column":15}},"167":{"start":{"line":324,"column":4},"end":{"line":324,"column":42}},"168":{"start":{"line":325,"column":4},"end":{"line":325,"column":68}},"169":{"start":{"line":327,"column":4},"end":{"line":327,"column":35}},"170":{"start":{"line":333,"column":20},"end":{"line":333,"column":47}},"171":{"start":{"line":334,"column":4},"end":{"line":334,"column":65}},"172":{"start":{"line":336,"column":4},"end":{"line":341,"column":5}},"173":{"start":{"line":337,"column":8},"end":{"line":337,"column":45}},"174":{"start":{"line":340,"column":8},"end":{"line":340,"column":40}},"175":{"start":{"line":342,"column":4},"end":{"line":344,"column":5}},"176":{"start":{"line":343,"column":8},"end":{"line":343,"column":32}},"177":{"start":{"line":349,"column":4},"end":{"line":353,"column":5}},"178":{"start":{"line":350,"column":8},"end":{"line":350,"column":42}},"179":{"start":{"line":351,"column":8},"end":{"line":351,"column":40}},"180":{"start":{"line":352,"column":8},"end":{"line":352,"column":38}},"181":{"start":{"line":355,"column":4},"end":{"line":361,"column":5}},"182":{"start":{"line":356,"column":8},"end":{"line":356,"column":64}},"183":{"start":{"line":357,"column":8},"end":{"line":357,"column":44}},"184":{"start":{"line":360,"column":8},"end":{"line":360,"column":39}},"185":{"start":{"line":366,"column":4},"end":{"line":371,"column":5}},"186":{"start":{"line":367,"column":8},"end":{"line":367,"column":45}},"187":{"start":{"line":370,"column":8},"end":{"line":370,"column":40}},"188":{"start":{"line":375,"column":4},"end":{"line":375,"column":40}},"189":{"start":{"line":376,"column":4},"end":{"line":376,"column":63}},"190":{"start":{"line":381,"column":19},"end":{"line":381,"column":46}},"191":{"start":{"line":382,"column":4},"end":{"line":382,"column":70}},"192":{"start":{"line":386,"column":13},"end":{"line":386,"column":15}},"193":{"start":{"line":387,"column":15},"end":{"line":387,"column":17}},"194":{"start":{"line":388,"column":4},"end":{"line":393,"column":5}},"195":{"start":{"line":389,"column":8},"end":{"line":389,"column":114}},"196":{"start":{"line":391,"column":16},"end":{"line":391,"column":48}},"197":{"start":{"line":392,"column":8},"end":{"line":392,"column":49}},"198":{"start":{"line":394,"column":15},"end":{"line":394,"column":42}},"199":{"start":{"line":395,"column":4},"end":{"line":395,"column":43}},"200":{"start":{"line":396,"column":4},"end":{"line":396,"column":81}},"201":{"start":{"line":397,"column":4},"end":{"line":397,"column":35}},"202":{"start":{"line":401,"column":4},"end":{"line":410,"column":5}},"203":{"start":{"line":402,"column":19},"end":{"line":402,"column":49}},"204":{"start":{"line":403,"column":21},"end":{"line":403,"column":46}},"205":{"start":{"line":404,"column":8},"end":{"line":404,"column":34}},"206":{"start":{"line":407,"column":19},"end":{"line":407,"column":53}},"207":{"start":{"line":408,"column":20},"end":{"line":408,"column":55}},"208":{"start":{"line":409,"column":8},"end":{"line":409,"column":32}},"209":{"start":{"line":413,"column":4},"end":{"line":413,"column":119}},"210":{"start":{"line":417,"column":4},"end":{"line":424,"column":5}},"211":{"start":{"line":418,"column":8},"end":{"line":423,"column":9}},"212":{"start":{"line":419,"column":12},"end":{"line":419,"column":21}},"213":{"start":{"line":420,"column":12},"end":{"line":421,"column":34}},"214":{"start":{"line":421,"column":16},"end":{"line":421,"column":34}},"215":{"start":{"line":422,"column":12},"end":{"line":422,"column":21}},"216":{"start":{"line":425,"column":4},"end":{"line":425,"column":14}}},"fnMap":{"0":{"name":"(anonymous_0)","decl":{"start":{"line":4,"column":18},"end":{"line":4,"column":19}},"loc":{"start":{"line":4,"column":35},"end":{"line":14,"column":1}},"line":4},"1":{"name":"startBuildingTable","decl":{"start":{"line":37,"column":9},"end":{"line":37,"column":27}},"loc":{"start":{"line":37,"column":39},"end":{"line":53,"column":1}},"line":37},"2":{"name":"parseData","decl":{"start":{"line":55,"column":9},"end":{"line":55,"column":18}},"loc":{"start":{"line":55,"column":24},"end":{"line":57,"column":1}},"line":55},"3":{"name":"valueReturn","decl":{"start":{"line":60,"column":9},"end":{"line":60,"column":20}},"loc":{"start":{"line":60,"column":32},"end":{"line":74,"column":1}},"line":60},"4":{"name":"longValue","decl":{"start":{"line":77,"column":9},"end":{"line":77,"column":18}},"loc":{"start":{"line":77,"column":30},"end":{"line":96,"column":1}},"line":77},"5":{"name":"memberExpressionValue","decl":{"start":{"line":99,"column":9},"end":{"line":99,"column":30}},"loc":{"start":{"line":99,"column":41},"end":{"line":117,"column":1}},"line":99},"6":{"name":"LogicalExpression","decl":{"start":{"line":119,"column":9},"end":{"line":119,"column":26}},"loc":{"start":{"line":119,"column":37},"end":{"line":124,"column":1}},"line":119},"7":{"name":"headerLines","decl":{"start":{"line":126,"column":9},"end":{"line":126,"column":20}},"loc":{"start":{"line":126,"column":32},"end":{"line":145,"column":1}},"line":126},"8":{"name":"binaryExpression","decl":{"start":{"line":148,"column":9},"end":{"line":148,"column":25}},"loc":{"start":{"line":148,"column":49},"end":{"line":165,"column":1}},"line":148},"9":{"name":"getLeftExp","decl":{"start":{"line":166,"column":9},"end":{"line":166,"column":19}},"loc":{"start":{"line":166,"column":26},"end":{"line":178,"column":1}},"line":166},"10":{"name":"checkLeftProperty","decl":{"start":{"line":180,"column":9},"end":{"line":180,"column":26}},"loc":{"start":{"line":180,"column":32},"end":{"line":189,"column":1}},"line":180},"11":{"name":"getRightExp","decl":{"start":{"line":190,"column":9},"end":{"line":190,"column":20}},"loc":{"start":{"line":190,"column":28},"end":{"line":202,"column":1}},"line":190},"12":{"name":"checkRightProperty","decl":{"start":{"line":204,"column":9},"end":{"line":204,"column":27}},"loc":{"start":{"line":204,"column":34},"end":{"line":213,"column":1}},"line":204},"13":{"name":"bodyLines","decl":{"start":{"line":215,"column":9},"end":{"line":215,"column":18}},"loc":{"start":{"line":216,"column":0},"end":{"line":233,"column":1}},"line":216},"14":{"name":"bodyLinesMix","decl":{"start":{"line":235,"column":9},"end":{"line":235,"column":21}},"loc":{"start":{"line":235,"column":43},"end":{"line":239,"column":1}},"line":235},"15":{"name":"bodyLinesContinue","decl":{"start":{"line":240,"column":9},"end":{"line":240,"column":26}},"loc":{"start":{"line":240,"column":54},"end":{"line":248,"column":1}},"line":240},"16":{"name":"checkEndGlobals","decl":{"start":{"line":250,"column":9},"end":{"line":250,"column":24}},"loc":{"start":{"line":250,"column":63},"end":{"line":254,"column":1}},"line":250},"17":{"name":"checkStatement","decl":{"start":{"line":256,"column":9},"end":{"line":256,"column":23}},"loc":{"start":{"line":256,"column":29},"end":{"line":258,"column":1}},"line":256},"18":{"name":"decStatement","decl":{"start":{"line":261,"column":9},"end":{"line":261,"column":21}},"loc":{"start":{"line":261,"column":33},"end":{"line":279,"column":11}},"line":261},"19":{"name":"arrayValue","decl":{"start":{"line":283,"column":9},"end":{"line":283,"column":19}},"loc":{"start":{"line":283,"column":30},"end":{"line":299,"column":1}},"line":283},"20":{"name":"assStatement","decl":{"start":{"line":300,"column":9},"end":{"line":300,"column":21}},"loc":{"start":{"line":300,"column":32},"end":{"line":312,"column":1}},"line":300},"21":{"name":"IncreaseOrDecrease","decl":{"start":{"line":315,"column":9},"end":{"line":315,"column":27}},"loc":{"start":{"line":315,"column":37},"end":{"line":320,"column":1}},"line":315},"22":{"name":"whileStatement","decl":{"start":{"line":322,"column":9},"end":{"line":322,"column":23}},"loc":{"start":{"line":322,"column":34},"end":{"line":328,"column":1}},"line":322},"23":{"name":"ifstatement","decl":{"start":{"line":331,"column":9},"end":{"line":331,"column":20}},"loc":{"start":{"line":331,"column":32},"end":{"line":345,"column":1}},"line":331},"24":{"name":"ifAlternates","decl":{"start":{"line":348,"column":9},"end":{"line":348,"column":21}},"loc":{"start":{"line":348,"column":32},"end":{"line":362,"column":1}},"line":348},"25":{"name":"elseIfBody","decl":{"start":{"line":365,"column":9},"end":{"line":365,"column":19}},"loc":{"start":{"line":365,"column":30},"end":{"line":372,"column":1}},"line":365},"26":{"name":"returnStatement","decl":{"start":{"line":373,"column":9},"end":{"line":373,"column":24}},"loc":{"start":{"line":373,"column":35},"end":{"line":377,"column":1}},"line":373},"27":{"name":"elseIfHeader","decl":{"start":{"line":380,"column":9},"end":{"line":380,"column":21}},"loc":{"start":{"line":380,"column":33},"end":{"line":383,"column":1}},"line":380},"28":{"name":"forStatement","decl":{"start":{"line":385,"column":9},"end":{"line":385,"column":21}},"loc":{"start":{"line":385,"column":32},"end":{"line":398,"column":1}},"line":385},"29":{"name":"forStatementAction","decl":{"start":{"line":400,"column":9},"end":{"line":400,"column":27}},"loc":{"start":{"line":400,"column":38},"end":{"line":411,"column":1}},"line":400},"30":{"name":"insertIntoResult","decl":{"start":{"line":412,"column":9},"end":{"line":412,"column":25}},"loc":{"start":{"line":412,"column":66},"end":{"line":414,"column":1}},"line":412},"31":{"name":"checkIfMixed","decl":{"start":{"line":416,"column":9},"end":{"line":416,"column":21}},"loc":{"start":{"line":416,"column":33},"end":{"line":426,"column":1}},"line":416}},"branchMap":{"0":{"loc":{"start":{"line":5,"column":4},"end":{"line":13,"column":5}},"type":"if","locations":[{"start":{"line":5,"column":4},"end":{"line":13,"column":5}},{"start":{"line":5,"column":4},"end":{"line":13,"column":5}}],"line":5},"1":{"loc":{"start":{"line":5,"column":8},"end":{"line":5,"column":48}},"type":"binary-expr","locations":[{"start":{"line":5,"column":8},"end":{"line":5,"column":29}},{"start":{"line":5,"column":33},"end":{"line":5,"column":48}}],"line":5},"2":{"loc":{"start":{"line":44,"column":4},"end":{"line":51,"column":5}},"type":"if","locations":[{"start":{"line":44,"column":4},"end":{"line":51,"column":5}},{"start":{"line":44,"column":4},"end":{"line":51,"column":5}}],"line":44},"3":{"loc":{"start":{"line":64,"column":4},"end":{"line":72,"column":5}},"type":"if","locations":[{"start":{"line":64,"column":4},"end":{"line":72,"column":5}},{"start":{"line":64,"column":4},"end":{"line":72,"column":5}}],"line":64},"4":{"loc":{"start":{"line":64,"column":8},"end":{"line":64,"column":65}},"type":"binary-expr","locations":[{"start":{"line":64,"column":8},"end":{"line":64,"column":33}},{"start":{"line":64,"column":37},"end":{"line":64,"column":65}}],"line":64},"5":{"loc":{"start":{"line":65,"column":8},"end":{"line":66,"column":35}},"type":"if","locations":[{"start":{"line":65,"column":8},"end":{"line":66,"column":35}},{"start":{"line":65,"column":8},"end":{"line":66,"column":35}}],"line":65},"6":{"loc":{"start":{"line":67,"column":8},"end":{"line":68,"column":34}},"type":"if","locations":[{"start":{"line":67,"column":8},"end":{"line":68,"column":34}},{"start":{"line":67,"column":8},"end":{"line":68,"column":34}}],"line":67},"7":{"loc":{"start":{"line":80,"column":4},"end":{"line":94,"column":49}},"type":"if","locations":[{"start":{"line":80,"column":4},"end":{"line":94,"column":49}},{"start":{"line":80,"column":4},"end":{"line":94,"column":49}}],"line":80},"8":{"loc":{"start":{"line":83,"column":10},"end":{"line":94,"column":49}},"type":"if","locations":[{"start":{"line":83,"column":10},"end":{"line":94,"column":49}},{"start":{"line":83,"column":10},"end":{"line":94,"column":49}}],"line":83},"9":{"loc":{"start":{"line":84,"column":8},"end":{"line":86,"column":9}},"type":"if","locations":[{"start":{"line":84,"column":8},"end":{"line":86,"column":9}},{"start":{"line":84,"column":8},"end":{"line":86,"column":9}}],"line":84},"10":{"loc":{"start":{"line":87,"column":8},"end":{"line":89,"column":9}},"type":"if","locations":[{"start":{"line":87,"column":8},"end":{"line":89,"column":9}},{"start":{"line":87,"column":8},"end":{"line":89,"column":9}}],"line":87},"11":{"loc":{"start":{"line":100,"column":4},"end":{"line":116,"column":5}},"type":"if","locations":[{"start":{"line":100,"column":4},"end":{"line":116,"column":5}},{"start":{"line":100,"column":4},"end":{"line":116,"column":5}}],"line":100},"12":{"loc":{"start":{"line":102,"column":8},"end":{"line":111,"column":90}},"type":"if","locations":[{"start":{"line":102,"column":8},"end":{"line":111,"column":90}},{"start":{"line":102,"column":8},"end":{"line":111,"column":90}}],"line":102},"13":{"loc":{"start":{"line":103,"column":12},"end":{"line":106,"column":78}},"type":"if","locations":[{"start":{"line":103,"column":12},"end":{"line":106,"column":78}},{"start":{"line":103,"column":12},"end":{"line":106,"column":78}}],"line":103},"14":{"loc":{"start":{"line":108,"column":13},"end":{"line":111,"column":90}},"type":"if","locations":[{"start":{"line":108,"column":13},"end":{"line":111,"column":90}},{"start":{"line":108,"column":13},"end":{"line":111,"column":90}}],"line":108},"15":{"loc":{"start":{"line":120,"column":4},"end":{"line":123,"column":37}},"type":"if","locations":[{"start":{"line":120,"column":4},"end":{"line":123,"column":37}},{"start":{"line":120,"column":4},"end":{"line":123,"column":37}}],"line":120},"16":{"loc":{"start":{"line":129,"column":4},"end":{"line":135,"column":5}},"type":"if","locations":[{"start":{"line":129,"column":4},"end":{"line":135,"column":5}},{"start":{"line":129,"column":4},"end":{"line":135,"column":5}}],"line":129},"17":{"loc":{"start":{"line":152,"column":4},"end":{"line":157,"column":5}},"type":"if","locations":[{"start":{"line":152,"column":4},"end":{"line":157,"column":5}},{"start":{"line":152,"column":4},"end":{"line":157,"column":5}}],"line":152},"18":{"loc":{"start":{"line":159,"column":4},"end":{"line":163,"column":5}},"type":"if","locations":[{"start":{"line":159,"column":4},"end":{"line":163,"column":5}},{"start":{"line":159,"column":4},"end":{"line":163,"column":5}}],"line":159},"19":{"loc":{"start":{"line":168,"column":4},"end":{"line":169,"column":28}},"type":"if","locations":[{"start":{"line":168,"column":4},"end":{"line":169,"column":28}},{"start":{"line":168,"column":4},"end":{"line":169,"column":28}}],"line":168},"20":{"loc":{"start":{"line":170,"column":4},"end":{"line":171,"column":29}},"type":"if","locations":[{"start":{"line":170,"column":4},"end":{"line":171,"column":29}},{"start":{"line":170,"column":4},"end":{"line":171,"column":29}}],"line":170},"21":{"loc":{"start":{"line":172,"column":4},"end":{"line":173,"column":60}},"type":"if","locations":[{"start":{"line":172,"column":4},"end":{"line":173,"column":60}},{"start":{"line":172,"column":4},"end":{"line":173,"column":60}}],"line":172},"22":{"loc":{"start":{"line":174,"column":4},"end":{"line":176,"column":5}},"type":"if","locations":[{"start":{"line":174,"column":4},"end":{"line":176,"column":5}},{"start":{"line":174,"column":4},"end":{"line":176,"column":5}}],"line":174},"23":{"loc":{"start":{"line":182,"column":4},"end":{"line":187,"column":76}},"type":"if","locations":[{"start":{"line":182,"column":4},"end":{"line":187,"column":76}},{"start":{"line":182,"column":4},"end":{"line":187,"column":76}}],"line":182},"24":{"loc":{"start":{"line":184,"column":9},"end":{"line":187,"column":76}},"type":"if","locations":[{"start":{"line":184,"column":9},"end":{"line":187,"column":76}},{"start":{"line":184,"column":9},"end":{"line":187,"column":76}}],"line":184},"25":{"loc":{"start":{"line":192,"column":4},"end":{"line":193,"column":30}},"type":"if","locations":[{"start":{"line":192,"column":4},"end":{"line":193,"column":30}},{"start":{"line":192,"column":4},"end":{"line":193,"column":30}}],"line":192},"26":{"loc":{"start":{"line":194,"column":4},"end":{"line":195,"column":31}},"type":"if","locations":[{"start":{"line":194,"column":4},"end":{"line":195,"column":31}},{"start":{"line":194,"column":4},"end":{"line":195,"column":31}}],"line":194},"27":{"loc":{"start":{"line":196,"column":4},"end":{"line":197,"column":63}},"type":"if","locations":[{"start":{"line":196,"column":4},"end":{"line":197,"column":63}},{"start":{"line":196,"column":4},"end":{"line":197,"column":63}}],"line":196},"28":{"loc":{"start":{"line":198,"column":4},"end":{"line":200,"column":5}},"type":"if","locations":[{"start":{"line":198,"column":4},"end":{"line":200,"column":5}},{"start":{"line":198,"column":4},"end":{"line":200,"column":5}}],"line":198},"29":{"loc":{"start":{"line":206,"column":4},"end":{"line":211,"column":79}},"type":"if","locations":[{"start":{"line":206,"column":4},"end":{"line":211,"column":79}},{"start":{"line":206,"column":4},"end":{"line":211,"column":79}}],"line":206},"30":{"loc":{"start":{"line":208,"column":9},"end":{"line":211,"column":79}},"type":"if","locations":[{"start":{"line":208,"column":9},"end":{"line":211,"column":79}},{"start":{"line":208,"column":9},"end":{"line":211,"column":79}}],"line":208},"31":{"loc":{"start":{"line":220,"column":4},"end":{"line":231,"column":5}},"type":"if","locations":[{"start":{"line":220,"column":4},"end":{"line":231,"column":5}},{"start":{"line":220,"column":4},"end":{"line":231,"column":5}}],"line":220},"32":{"loc":{"start":{"line":221,"column":8},"end":{"line":227,"column":13}},"type":"if","locations":[{"start":{"line":221,"column":8},"end":{"line":227,"column":13}},{"start":{"line":221,"column":8},"end":{"line":227,"column":13}}],"line":221},"33":{"loc":{"start":{"line":236,"column":20},"end":{"line":236,"column":59}},"type":"binary-expr","locations":[{"start":{"line":236,"column":20},"end":{"line":236,"column":38}},{"start":{"line":236,"column":42},"end":{"line":236,"column":59}}],"line":236},"34":{"loc":{"start":{"line":241,"column":4},"end":{"line":244,"column":5}},"type":"if","locations":[{"start":{"line":241,"column":4},"end":{"line":244,"column":5}},{"start":{"line":241,"column":4},"end":{"line":244,"column":5}}],"line":241},"35":{"loc":{"start":{"line":241,"column":8},"end":{"line":241,"column":63}},"type":"binary-expr","locations":[{"start":{"line":241,"column":8},"end":{"line":241,"column":17}},{"start":{"line":241,"column":21},"end":{"line":241,"column":38}},{"start":{"line":241,"column":43},"end":{"line":241,"column":63}}],"line":241},"36":{"loc":{"start":{"line":245,"column":4},"end":{"line":246,"column":66}},"type":"if","locations":[{"start":{"line":245,"column":4},"end":{"line":246,"column":66}},{"start":{"line":245,"column":4},"end":{"line":246,"column":66}}],"line":245},"37":{"loc":{"start":{"line":267,"column":8},"end":{"line":279,"column":9}},"type":"if","locations":[{"start":{"line":267,"column":8},"end":{"line":279,"column":9}},{"start":{"line":267,"column":8},"end":{"line":279,"column":9}}],"line":267},"38":{"loc":{"start":{"line":268,"column":12},"end":{"line":275,"column":13}},"type":"if","locations":[{"start":{"line":268,"column":12},"end":{"line":275,"column":13}},{"start":{"line":268,"column":12},"end":{"line":275,"column":13}}],"line":268},"39":{"loc":{"start":{"line":286,"column":4},"end":{"line":289,"column":36}},"type":"if","locations":[{"start":{"line":286,"column":4},"end":{"line":289,"column":36}},{"start":{"line":286,"column":4},"end":{"line":289,"column":36}}],"line":286},"40":{"loc":{"start":{"line":293,"column":8},"end":{"line":294,"column":31}},"type":"if","locations":[{"start":{"line":293,"column":8},"end":{"line":294,"column":31}},{"start":{"line":293,"column":8},"end":{"line":294,"column":31}}],"line":293},"41":{"loc":{"start":{"line":301,"column":4},"end":{"line":305,"column":5}},"type":"if","locations":[{"start":{"line":301,"column":4},"end":{"line":305,"column":5}},{"start":{"line":301,"column":4},"end":{"line":305,"column":5}}],"line":301},"42":{"loc":{"start":{"line":306,"column":4},"end":{"line":311,"column":5}},"type":"if","locations":[{"start":{"line":306,"column":4},"end":{"line":311,"column":5}},{"start":{"line":306,"column":4},"end":{"line":311,"column":5}}],"line":306},"43":{"loc":{"start":{"line":316,"column":4},"end":{"line":318,"column":5}},"type":"if","locations":[{"start":{"line":316,"column":4},"end":{"line":318,"column":5}},{"start":{"line":316,"column":4},"end":{"line":318,"column":5}}],"line":316},"44":{"loc":{"start":{"line":336,"column":4},"end":{"line":341,"column":5}},"type":"if","locations":[{"start":{"line":336,"column":4},"end":{"line":341,"column":5}},{"start":{"line":336,"column":4},"end":{"line":341,"column":5}}],"line":336},"45":{"loc":{"start":{"line":342,"column":4},"end":{"line":344,"column":5}},"type":"if","locations":[{"start":{"line":342,"column":4},"end":{"line":344,"column":5}},{"start":{"line":342,"column":4},"end":{"line":344,"column":5}}],"line":342},"46":{"loc":{"start":{"line":349,"column":11},"end":{"line":349,"column":79}},"type":"binary-expr","locations":[{"start":{"line":349,"column":11},"end":{"line":349,"column":36}},{"start":{"line":349,"column":40},"end":{"line":349,"column":79}}],"line":349},"47":{"loc":{"start":{"line":355,"column":4},"end":{"line":361,"column":5}},"type":"if","locations":[{"start":{"line":355,"column":4},"end":{"line":361,"column":5}},{"start":{"line":355,"column":4},"end":{"line":361,"column":5}}],"line":355},"48":{"loc":{"start":{"line":366,"column":4},"end":{"line":371,"column":5}},"type":"if","locations":[{"start":{"line":366,"column":4},"end":{"line":371,"column":5}},{"start":{"line":366,"column":4},"end":{"line":371,"column":5}}],"line":366},"49":{"loc":{"start":{"line":388,"column":4},"end":{"line":393,"column":5}},"type":"if","locations":[{"start":{"line":388,"column":4},"end":{"line":393,"column":5}},{"start":{"line":388,"column":4},"end":{"line":393,"column":5}}],"line":388},"50":{"loc":{"start":{"line":401,"column":4},"end":{"line":410,"column":5}},"type":"if","locations":[{"start":{"line":401,"column":4},"end":{"line":410,"column":5}},{"start":{"line":401,"column":4},"end":{"line":410,"column":5}}],"line":401},"51":{"loc":{"start":{"line":418,"column":8},"end":{"line":423,"column":9}},"type":"if","locations":[{"start":{"line":418,"column":8},"end":{"line":423,"column":9}},{"start":{"line":418,"column":8},"end":{"line":423,"column":9}}],"line":418},"52":{"loc":{"start":{"line":418,"column":12},"end":{"line":418,"column":65}},"type":"binary-expr","locations":[{"start":{"line":418,"column":12},"end":{"line":418,"column":58}},{"start":{"line":418,"column":62},"end":{"line":418,"column":65}}],"line":418},"53":{"loc":{"start":{"line":420,"column":12},"end":{"line":421,"column":34}},"type":"if","locations":[{"start":{"line":420,"column":12},"end":{"line":421,"column":34}},{"start":{"line":420,"column":12},"end":{"line":421,"column":34}}],"line":420}},"s":{"0":1,"1":1,"2":56,"3":1,"4":55,"5":55,"6":55,"7":55,"8":1,"9":1,"10":1,"11":1,"12":55,"13":55,"14":55,"15":55,"16":55,"17":55,"18":55,"19":38,"20":38,"21":17,"22":17,"23":55,"24":180,"25":256,"26":256,"27":152,"28":63,"29":152,"30":89,"31":104,"32":256,"33":104,"34":104,"35":104,"36":69,"37":35,"38":3,"39":2,"40":3,"41":1,"42":3,"43":3,"44":32,"45":104,"46":32,"47":28,"48":28,"49":20,"50":18,"51":2,"52":8,"53":7,"54":1,"55":28,"56":4,"57":4,"58":2,"59":2,"60":40,"61":40,"62":38,"63":38,"64":2,"65":2,"66":40,"67":40,"68":40,"69":59,"70":59,"71":80,"72":80,"73":80,"74":8,"75":72,"76":80,"77":3,"78":77,"79":80,"80":72,"81":72,"82":44,"83":72,"84":10,"85":72,"86":2,"87":72,"88":16,"89":72,"90":16,"91":16,"92":9,"93":7,"94":6,"95":1,"96":16,"97":77,"98":77,"99":16,"100":77,"101":52,"102":77,"103":1,"104":77,"105":8,"106":77,"107":8,"108":8,"109":3,"110":5,"111":2,"112":3,"113":8,"114":104,"115":104,"116":104,"117":104,"118":75,"119":5,"120":70,"121":137,"122":29,"123":104,"124":5,"125":9,"126":104,"127":2,"128":2,"129":104,"130":4,"131":4,"132":5,"133":180,"134":58,"135":58,"136":59,"137":59,"138":53,"139":13,"140":13,"141":40,"142":40,"143":6,"144":15,"145":15,"146":15,"147":13,"148":2,"149":15,"150":42,"151":42,"152":27,"153":15,"154":15,"155":38,"156":36,"157":36,"158":36,"159":38,"160":2,"161":2,"162":2,"163":2,"164":2,"165":1,"166":1,"167":3,"168":3,"169":3,"170":34,"171":34,"172":34,"173":8,"174":26,"175":34,"176":5,"177":5,"178":3,"179":3,"180":3,"181":5,"182":4,"183":4,"184":1,"185":3,"186":1,"187":2,"188":43,"189":43,"190":3,"191":3,"192":2,"193":2,"194":2,"195":1,"196":1,"197":1,"198":2,"199":2,"200":2,"201":2,"202":2,"203":1,"204":1,"205":1,"206":1,"207":1,"208":1,"209":285,"210":17,"211":23,"212":2,"213":2,"214":1,"215":2,"216":15},"f":{"0":56,"1":55,"2":180,"3":256,"4":104,"5":32,"6":4,"7":40,"8":80,"9":72,"10":16,"11":77,"12":8,"13":104,"14":5,"15":104,"16":4,"17":180,"18":58,"19":15,"20":38,"21":2,"22":3,"23":34,"24":5,"25":3,"26":43,"27":3,"28":2,"29":2,"30":285,"31":17},"b":{"0":[1,55],"1":[56,55],"2":[38,17],"3":[152,104],"4":[256,167],"5":[63,89],"6":[89,63],"7":[69,35],"8":[3,32],"9":[2,1],"10":[1,2],"11":[28,4],"12":[20,8],"13":[18,2],"14":[7,1],"15":[2,2],"16":[38,2],"17":[8,72],"18":[3,77],"19":[44,28],"20":[10,62],"21":[2,70],"22":[16,56],"23":[9,7],"24":[6,1],"25":[16,61],"26":[52,25],"27":[1,76],"28":[8,69],"29":[3,5],"30":[2,3],"31":[75,29],"32":[5,70],"33":[14,11],"34":[2,102],"35":[104,7,5],"36":[4,100],"37":[53,6],"38":[13,40],"39":[13,2],"40":[27,15],"41":[36,2],"42":[2,36],"43":[1,1],"44":[8,26],"45":[5,29],"46":[8,8],"47":[4,1],"48":[1,2],"49":[1,1],"50":[1,1],"51":[2,21],"52":[23,2],"53":[1,1]},"_coverageSchema":"332fd63041d2c1bcb487cc26dd0d5f7d97098a6c","hash":"0e04be3fafbb37d3fc2277c59d5c72533c6129fd"},"C:\\Users\\shacharW\\Desktop\\shacharwild-sqe-workshop-2018-exercise-2-master\\src\\js\\symbolicSubstitution.js":{"path":"C:\\Users\\shacharW\\Desktop\\shacharwild-sqe-workshop-2018-exercise-2-master\\src\\js\\symbolicSubstitution.js","statementMap":{"0":{"start":{"line":5,"column":14},"end":{"line":5,"column":23}},"1":{"start":{"line":6,"column":15},"end":{"line":6,"column":17}},"2":{"start":{"line":7,"column":17},"end":{"line":7,"column":19}},"3":{"start":{"line":8,"column":10},"end":{"line":8,"column":12}},"4":{"start":{"line":9,"column":14},"end":{"line":9,"column":16}},"5":{"start":{"line":10,"column":9},"end":{"line":10,"column":11}},"6":{"start":{"line":12,"column":13},"end":{"line":12,"column":18}},"7":{"start":{"line":15,"column":14},"end":{"line":15,"column":21}},"8":{"start":{"line":16,"column":16},"end":{"line":16,"column":18}},"9":{"start":{"line":18,"column":18},"end":{"line":18,"column":27}},"10":{"start":{"line":21,"column":12},"end":{"line":21,"column":13}},"11":{"start":{"line":22,"column":14},"end":{"line":22,"column":15}},"12":{"start":{"line":23,"column":20},"end":{"line":23,"column":21}},"13":{"start":{"line":24,"column":9},"end":{"line":24,"column":11}},"14":{"start":{"line":27,"column":22},"end":{"line":35,"column":1}},"15":{"start":{"line":37,"column":19},"end":{"line":42,"column":1}},"16":{"start":{"line":44,"column":18},"end":{"line":51,"column":1}},"17":{"start":{"line":61,"column":4},"end":{"line":65,"column":5}},"18":{"start":{"line":62,"column":8},"end":{"line":64,"column":9}},"19":{"start":{"line":63,"column":12},"end":{"line":63,"column":22}},"20":{"start":{"line":68,"column":17},"end":{"line":68,"column":26}},"21":{"start":{"line":69,"column":4},"end":{"line":69,"column":11}},"22":{"start":{"line":70,"column":4},"end":{"line":70,"column":21}},"23":{"start":{"line":71,"column":4},"end":{"line":71,"column":33}},"24":{"start":{"line":72,"column":4},"end":{"line":72,"column":23}},"25":{"start":{"line":73,"column":4},"end":{"line":73,"column":16}},"26":{"start":{"line":74,"column":4},"end":{"line":74,"column":35}},"27":{"start":{"line":76,"column":4},"end":{"line":76,"column":29}},"28":{"start":{"line":77,"column":4},"end":{"line":77,"column":21}},"29":{"start":{"line":81,"column":4},"end":{"line":81,"column":14}},"30":{"start":{"line":82,"column":4},"end":{"line":82,"column":16}},"31":{"start":{"line":83,"column":4},"end":{"line":83,"column":22}},"32":{"start":{"line":84,"column":4},"end":{"line":84,"column":20}},"33":{"start":{"line":85,"column":4},"end":{"line":85,"column":22}},"34":{"start":{"line":86,"column":4},"end":{"line":86,"column":18}},"35":{"start":{"line":87,"column":4},"end":{"line":87,"column":28}},"36":{"start":{"line":88,"column":4},"end":{"line":88,"column":12}},"37":{"start":{"line":89,"column":4},"end":{"line":89,"column":20}},"38":{"start":{"line":90,"column":4},"end":{"line":90,"column":15}},"39":{"start":{"line":91,"column":4},"end":{"line":91,"column":17}},"40":{"start":{"line":92,"column":4},"end":{"line":92,"column":19}},"41":{"start":{"line":93,"column":4},"end":{"line":93,"column":20}},"42":{"start":{"line":94,"column":4},"end":{"line":94,"column":22}},"43":{"start":{"line":95,"column":4},"end":{"line":95,"column":13}},"44":{"start":{"line":96,"column":4},"end":{"line":96,"column":12}},"45":{"start":{"line":99,"column":4},"end":{"line":104,"column":10}},"46":{"start":{"line":100,"column":17},"end":{"line":100,"column":24}},"47":{"start":{"line":101,"column":8},"end":{"line":104,"column":9}},"48":{"start":{"line":102,"column":12},"end":{"line":102,"column":32}},"49":{"start":{"line":103,"column":12},"end":{"line":103,"column":18}},"50":{"start":{"line":107,"column":4},"end":{"line":120,"column":5}},"51":{"start":{"line":108,"column":24},"end":{"line":108,"column":51}},"52":{"start":{"line":109,"column":8},"end":{"line":109,"column":34}},"53":{"start":{"line":110,"column":8},"end":{"line":111,"column":21}},"54":{"start":{"line":111,"column":12},"end":{"line":111,"column":21}},"55":{"start":{"line":113,"column":8},"end":{"line":117,"column":9}},"56":{"start":{"line":114,"column":12},"end":{"line":114,"column":59}},"57":{"start":{"line":115,"column":12},"end":{"line":115,"column":30}},"58":{"start":{"line":116,"column":12},"end":{"line":116,"column":21}},"59":{"start":{"line":118,"column":8},"end":{"line":118,"column":26}},"60":{"start":{"line":119,"column":8},"end":{"line":119,"column":57}},"61":{"start":{"line":124,"column":4},"end":{"line":125,"column":32}},"62":{"start":{"line":125,"column":8},"end":{"line":125,"column":32}},"63":{"start":{"line":129,"column":4},"end":{"line":138,"column":5}},"64":{"start":{"line":130,"column":17},"end":{"line":130,"column":24}},"65":{"start":{"line":131,"column":8},"end":{"line":137,"column":9}},"66":{"start":{"line":132,"column":21},"end":{"line":132,"column":77}},"67":{"start":{"line":133,"column":12},"end":{"line":133,"column":41}},"68":{"start":{"line":134,"column":22},"end":{"line":134,"column":79}},"69":{"start":{"line":135,"column":12},"end":{"line":135,"column":43}},"70":{"start":{"line":136,"column":12},"end":{"line":136,"column":42}},"71":{"start":{"line":143,"column":4},"end":{"line":161,"column":5}},"72":{"start":{"line":144,"column":8},"end":{"line":144,"column":45}},"73":{"start":{"line":145,"column":8},"end":{"line":145,"column":54}},"74":{"start":{"line":146,"column":8},"end":{"line":146,"column":20}},"75":{"start":{"line":147,"column":8},"end":{"line":147,"column":31}},"76":{"start":{"line":148,"column":9},"end":{"line":161,"column":5}},"77":{"start":{"line":149,"column":23},"end":{"line":149,"column":25}},"78":{"start":{"line":150,"column":8},"end":{"line":156,"column":24}},"79":{"start":{"line":151,"column":12},"end":{"line":151,"column":92}},"80":{"start":{"line":152,"column":12},"end":{"line":152,"column":54}},"81":{"start":{"line":154,"column":12},"end":{"line":154,"column":51}},"82":{"start":{"line":156,"column":12},"end":{"line":156,"column":23}},"83":{"start":{"line":158,"column":8},"end":{"line":158,"column":58}},"84":{"start":{"line":159,"column":8},"end":{"line":159,"column":47}},"85":{"start":{"line":160,"column":8},"end":{"line":160,"column":19}},"86":{"start":{"line":165,"column":4},"end":{"line":165,"column":53}},"87":{"start":{"line":166,"column":18},"end":{"line":166,"column":32}},"88":{"start":{"line":167,"column":4},"end":{"line":167,"column":38}},"89":{"start":{"line":168,"column":4},"end":{"line":168,"column":15}},"90":{"start":{"line":173,"column":23},"end":{"line":173,"column":110}},"91":{"start":{"line":174,"column":14},"end":{"line":174,"column":16}},"92":{"start":{"line":175,"column":4},"end":{"line":176,"column":18}},"93":{"start":{"line":176,"column":8},"end":{"line":176,"column":18}},"94":{"start":{"line":177,"column":4},"end":{"line":177,"column":118}},"95":{"start":{"line":178,"column":4},"end":{"line":178,"column":15}},"96":{"start":{"line":179,"column":4},"end":{"line":182,"column":5}},"97":{"start":{"line":180,"column":29},"end":{"line":180,"column":58}},"98":{"start":{"line":181,"column":8},"end":{"line":181,"column":69}},"99":{"start":{"line":187,"column":20},"end":{"line":187,"column":82}},"100":{"start":{"line":188,"column":4},"end":{"line":194,"column":61}},"101":{"start":{"line":189,"column":8},"end":{"line":189,"column":19}},"102":{"start":{"line":190,"column":8},"end":{"line":190,"column":74}},"103":{"start":{"line":193,"column":23},"end":{"line":193,"column":68}},"104":{"start":{"line":194,"column":8},"end":{"line":194,"column":60}},"105":{"start":{"line":199,"column":17},"end":{"line":199,"column":73}},"106":{"start":{"line":200,"column":19},"end":{"line":200,"column":80}},"107":{"start":{"line":201,"column":4},"end":{"line":217,"column":10}},"108":{"start":{"line":202,"column":20},"end":{"line":202,"column":63}},"109":{"start":{"line":203,"column":8},"end":{"line":203,"column":43}},"110":{"start":{"line":204,"column":27},"end":{"line":204,"column":80}},"111":{"start":{"line":205,"column":8},"end":{"line":207,"column":68}},"112":{"start":{"line":206,"column":12},"end":{"line":206,"column":71}},"113":{"start":{"line":207,"column":12},"end":{"line":207,"column":65}},"114":{"start":{"line":208,"column":8},"end":{"line":209,"column":69}},"115":{"start":{"line":209,"column":12},"end":{"line":209,"column":69}},"116":{"start":{"line":212,"column":8},"end":{"line":217,"column":9}},"117":{"start":{"line":213,"column":12},"end":{"line":213,"column":68}},"118":{"start":{"line":214,"column":12},"end":{"line":214,"column":55}},"119":{"start":{"line":216,"column":12},"end":{"line":216,"column":54}},"120":{"start":{"line":222,"column":4},"end":{"line":226,"column":5}},"121":{"start":{"line":223,"column":26},"end":{"line":223,"column":57}},"122":{"start":{"line":224,"column":8},"end":{"line":225,"column":24}},"123":{"start":{"line":225,"column":12},"end":{"line":225,"column":24}},"124":{"start":{"line":227,"column":4},"end":{"line":227,"column":17}},"125":{"start":{"line":231,"column":20},"end":{"line":231,"column":22}},"126":{"start":{"line":232,"column":4},"end":{"line":238,"column":78}},"127":{"start":{"line":233,"column":8},"end":{"line":233,"column":62}},"128":{"start":{"line":234,"column":8},"end":{"line":234,"column":73}},"129":{"start":{"line":237,"column":8},"end":{"line":237,"column":54}},"130":{"start":{"line":238,"column":8},"end":{"line":238,"column":77}},"131":{"start":{"line":239,"column":4},"end":{"line":239,"column":45}},"132":{"start":{"line":240,"column":12},"end":{"line":240,"column":28}},"133":{"start":{"line":241,"column":4},"end":{"line":241,"column":36}},"134":{"start":{"line":242,"column":4},"end":{"line":242,"column":24}},"135":{"start":{"line":243,"column":4},"end":{"line":243,"column":14}},"136":{"start":{"line":244,"column":4},"end":{"line":247,"column":25}},"137":{"start":{"line":245,"column":8},"end":{"line":245,"column":22}},"138":{"start":{"line":246,"column":8},"end":{"line":247,"column":23}},"139":{"start":{"line":247,"column":12},"end":{"line":247,"column":23}},"140":{"start":{"line":248,"column":4},"end":{"line":248,"column":15}},"141":{"start":{"line":249,"column":4},"end":{"line":249,"column":28}},"142":{"start":{"line":254,"column":4},"end":{"line":255,"column":33}},"143":{"start":{"line":255,"column":8},"end":{"line":255,"column":33}},"144":{"start":{"line":256,"column":4},"end":{"line":256,"column":17}},"145":{"start":{"line":261,"column":17},"end":{"line":261,"column":31}},"146":{"start":{"line":262,"column":20},"end":{"line":262,"column":40}},"147":{"start":{"line":264,"column":4},"end":{"line":267,"column":55}},"148":{"start":{"line":265,"column":8},"end":{"line":265,"column":37}},"149":{"start":{"line":267,"column":8},"end":{"line":267,"column":55}},"150":{"start":{"line":269,"column":4},"end":{"line":269,"column":35}},"151":{"start":{"line":274,"column":20},"end":{"line":274,"column":34}},"152":{"start":{"line":275,"column":20},"end":{"line":275,"column":53}},"153":{"start":{"line":276,"column":20},"end":{"line":276,"column":30}},"154":{"start":{"line":277,"column":16},"end":{"line":277,"column":31}},"155":{"start":{"line":278,"column":14},"end":{"line":278,"column":15}},"156":{"start":{"line":280,"column":4},"end":{"line":282,"column":5}},"157":{"start":{"line":281,"column":8},"end":{"line":281,"column":16}},"158":{"start":{"line":283,"column":4},"end":{"line":286,"column":5}},"159":{"start":{"line":284,"column":8},"end":{"line":284,"column":16}},"160":{"start":{"line":285,"column":8},"end":{"line":285,"column":20}},"161":{"start":{"line":287,"column":4},"end":{"line":287,"column":25}},"162":{"start":{"line":288,"column":4},"end":{"line":288,"column":53}},"163":{"start":{"line":289,"column":4},"end":{"line":289,"column":21}},"164":{"start":{"line":293,"column":4},"end":{"line":303,"column":5}},"165":{"start":{"line":294,"column":8},"end":{"line":295,"column":20}},"166":{"start":{"line":295,"column":12},"end":{"line":295,"column":20}},"167":{"start":{"line":296,"column":8},"end":{"line":297,"column":18}},"168":{"start":{"line":297,"column":12},"end":{"line":297,"column":18}},"169":{"start":{"line":298,"column":8},"end":{"line":299,"column":20}},"170":{"start":{"line":299,"column":12},"end":{"line":299,"column":20}},"171":{"start":{"line":301,"column":8},"end":{"line":301,"column":20}},"172":{"start":{"line":302,"column":8},"end":{"line":302,"column":29}},"173":{"start":{"line":304,"column":4},"end":{"line":304,"column":21}},"174":{"start":{"line":308,"column":22},"end":{"line":308,"column":24}},"175":{"start":{"line":309,"column":19},"end":{"line":309,"column":21}},"176":{"start":{"line":310,"column":4},"end":{"line":325,"column":49}},"177":{"start":{"line":311,"column":8},"end":{"line":322,"column":75}},"178":{"start":{"line":312,"column":12},"end":{"line":312,"column":63}},"179":{"start":{"line":313,"column":12},"end":{"line":313,"column":55}},"180":{"start":{"line":314,"column":12},"end":{"line":314,"column":57}},"181":{"start":{"line":315,"column":26},"end":{"line":315,"column":50}},"182":{"start":{"line":316,"column":27},"end":{"line":316,"column":53}},"183":{"start":{"line":317,"column":12},"end":{"line":317,"column":61}},"184":{"start":{"line":319,"column":13},"end":{"line":322,"column":75}},"185":{"start":{"line":320,"column":12},"end":{"line":320,"column":81}},"186":{"start":{"line":322,"column":12},"end":{"line":322,"column":75}},"187":{"start":{"line":325,"column":8},"end":{"line":325,"column":47}},"188":{"start":{"line":328,"column":28},"end":{"line":328,"column":30}},"189":{"start":{"line":329,"column":4},"end":{"line":338,"column":49}},"190":{"start":{"line":330,"column":8},"end":{"line":330,"column":28}},"191":{"start":{"line":331,"column":8},"end":{"line":331,"column":30}},"192":{"start":{"line":332,"column":8},"end":{"line":332,"column":36}},"193":{"start":{"line":333,"column":20},"end":{"line":333,"column":43}},"194":{"start":{"line":334,"column":21},"end":{"line":334,"column":46}},"195":{"start":{"line":335,"column":8},"end":{"line":335,"column":49}},"196":{"start":{"line":338,"column":8},"end":{"line":338,"column":49}},"197":{"start":{"line":341,"column":16},"end":{"line":341,"column":18}},"198":{"start":{"line":343,"column":4},"end":{"line":345,"column":5}},"199":{"start":{"line":344,"column":8},"end":{"line":344,"column":68}},"200":{"start":{"line":347,"column":4},"end":{"line":355,"column":5}},"201":{"start":{"line":348,"column":8},"end":{"line":348,"column":74}},"202":{"start":{"line":350,"column":9},"end":{"line":355,"column":5}},"203":{"start":{"line":351,"column":8},"end":{"line":351,"column":51}},"204":{"start":{"line":354,"column":8},"end":{"line":354,"column":55}},"205":{"start":{"line":358,"column":4},"end":{"line":358,"column":19}},"206":{"start":{"line":362,"column":4},"end":{"line":372,"column":5}},"207":{"start":{"line":363,"column":8},"end":{"line":363,"column":26}},"208":{"start":{"line":365,"column":8},"end":{"line":367,"column":9}},"209":{"start":{"line":366,"column":12},"end":{"line":366,"column":42}},"210":{"start":{"line":368,"column":8},"end":{"line":368,"column":23}},"211":{"start":{"line":370,"column":9},"end":{"line":372,"column":5}},"212":{"start":{"line":371,"column":8},"end":{"line":371,"column":31}},"213":{"start":{"line":373,"column":4},"end":{"line":373,"column":19}},"214":{"start":{"line":377,"column":4},"end":{"line":378,"column":29}},"215":{"start":{"line":378,"column":8},"end":{"line":378,"column":29}},"216":{"start":{"line":379,"column":4},"end":{"line":379,"column":17}},"217":{"start":{"line":383,"column":17},"end":{"line":383,"column":19}},"218":{"start":{"line":385,"column":4},"end":{"line":387,"column":5}},"219":{"start":{"line":386,"column":8},"end":{"line":386,"column":71}},"220":{"start":{"line":389,"column":4},"end":{"line":397,"column":5}},"221":{"start":{"line":390,"column":8},"end":{"line":390,"column":76}},"222":{"start":{"line":392,"column":9},"end":{"line":397,"column":5}},"223":{"start":{"line":393,"column":8},"end":{"line":393,"column":53}},"224":{"start":{"line":396,"column":8},"end":{"line":396,"column":59}},"225":{"start":{"line":399,"column":4},"end":{"line":399,"column":20}},"226":{"start":{"line":403,"column":4},"end":{"line":413,"column":5}},"227":{"start":{"line":404,"column":8},"end":{"line":404,"column":28}},"228":{"start":{"line":406,"column":8},"end":{"line":408,"column":9}},"229":{"start":{"line":407,"column":12},"end":{"line":407,"column":44}},"230":{"start":{"line":409,"column":8},"end":{"line":409,"column":24}},"231":{"start":{"line":411,"column":9},"end":{"line":413,"column":5}},"232":{"start":{"line":412,"column":8},"end":{"line":412,"column":32}},"233":{"start":{"line":414,"column":4},"end":{"line":414,"column":20}},"234":{"start":{"line":417,"column":4},"end":{"line":421,"column":5}},"235":{"start":{"line":418,"column":8},"end":{"line":419,"column":42}},"236":{"start":{"line":419,"column":12},"end":{"line":419,"column":42}},"237":{"start":{"line":420,"column":8},"end":{"line":420,"column":26}},"238":{"start":{"line":422,"column":4},"end":{"line":426,"column":41}},"239":{"start":{"line":423,"column":8},"end":{"line":423,"column":27}},"240":{"start":{"line":426,"column":8},"end":{"line":426,"column":40}},"241":{"start":{"line":430,"column":15},"end":{"line":430,"column":32}},"242":{"start":{"line":431,"column":4},"end":{"line":432,"column":34}},"243":{"start":{"line":432,"column":8},"end":{"line":432,"column":34}},"244":{"start":{"line":434,"column":4},"end":{"line":434,"column":46}},"245":{"start":{"line":438,"column":17},"end":{"line":438,"column":19}},"246":{"start":{"line":439,"column":4},"end":{"line":452,"column":5}},"247":{"start":{"line":440,"column":8},"end":{"line":441,"column":39}},"248":{"start":{"line":441,"column":12},"end":{"line":441,"column":39}},"249":{"start":{"line":442,"column":8},"end":{"line":445,"column":58}},"250":{"start":{"line":443,"column":12},"end":{"line":443,"column":68}},"251":{"start":{"line":445,"column":12},"end":{"line":445,"column":58}},"252":{"start":{"line":449,"column":21},"end":{"line":449,"column":55}},"253":{"start":{"line":451,"column":8},"end":{"line":451,"column":43}},"254":{"start":{"line":453,"column":4},"end":{"line":453,"column":20}},"255":{"start":{"line":456,"column":4},"end":{"line":456,"column":12}},"256":{"start":{"line":457,"column":4},"end":{"line":457,"column":50}},"257":{"start":{"line":457,"column":28},"end":{"line":457,"column":49}},"258":{"start":{"line":458,"column":21},"end":{"line":458,"column":35}},"259":{"start":{"line":459,"column":17},"end":{"line":459,"column":19}},"260":{"start":{"line":460,"column":4},"end":{"line":474,"column":37}},"261":{"start":{"line":461,"column":8},"end":{"line":461,"column":123}},"262":{"start":{"line":462,"column":8},"end":{"line":470,"column":68}},"263":{"start":{"line":463,"column":24},"end":{"line":463,"column":36}},"264":{"start":{"line":464,"column":37},"end":{"line":464,"column":63}},"265":{"start":{"line":465,"column":25},"end":{"line":465,"column":61}},"266":{"start":{"line":466,"column":12},"end":{"line":469,"column":36}},"267":{"start":{"line":467,"column":16},"end":{"line":467,"column":119}},"268":{"start":{"line":468,"column":16},"end":{"line":468,"column":25}},"269":{"start":{"line":469,"column":18},"end":{"line":469,"column":35}},"270":{"start":{"line":470,"column":12},"end":{"line":470,"column":67}},"271":{"start":{"line":471,"column":8},"end":{"line":471,"column":97}},"272":{"start":{"line":472,"column":8},"end":{"line":472,"column":45}},"273":{"start":{"line":473,"column":8},"end":{"line":473,"column":19}},"274":{"start":{"line":474,"column":10},"end":{"line":474,"column":36}},"275":{"start":{"line":474,"column":40},"end":{"line":474,"column":56}},"276":{"start":{"line":478,"column":4},"end":{"line":478,"column":55}},"277":{"start":{"line":479,"column":4},"end":{"line":479,"column":57}},"278":{"start":{"line":484,"column":14},"end":{"line":484,"column":45}},"279":{"start":{"line":485,"column":4},"end":{"line":485,"column":22}},"280":{"start":{"line":486,"column":4},"end":{"line":486,"column":29}},"281":{"start":{"line":487,"column":4},"end":{"line":487,"column":19}},"282":{"start":{"line":492,"column":4},"end":{"line":495,"column":5}},"283":{"start":{"line":493,"column":8},"end":{"line":493,"column":54}},"284":{"start":{"line":494,"column":8},"end":{"line":494,"column":25}},"285":{"start":{"line":497,"column":4},"end":{"line":502,"column":24}},"286":{"start":{"line":498,"column":8},"end":{"line":498,"column":19}},"287":{"start":{"line":499,"column":8},"end":{"line":499,"column":24}},"288":{"start":{"line":502,"column":8},"end":{"line":502,"column":24}},"289":{"start":{"line":507,"column":21},"end":{"line":507,"column":22}},"290":{"start":{"line":508,"column":24},"end":{"line":508,"column":53}},"291":{"start":{"line":509,"column":4},"end":{"line":512,"column":5}},"292":{"start":{"line":510,"column":8},"end":{"line":510,"column":48}},"293":{"start":{"line":511,"column":8},"end":{"line":511,"column":134}},"294":{"start":{"line":514,"column":4},"end":{"line":521,"column":5}},"295":{"start":{"line":515,"column":8},"end":{"line":515,"column":50}},"296":{"start":{"line":516,"column":21},"end":{"line":516,"column":38}},"297":{"start":{"line":518,"column":8},"end":{"line":518,"column":131}},"298":{"start":{"line":522,"column":4},"end":{"line":522,"column":23}},"299":{"start":{"line":527,"column":4},"end":{"line":538,"column":5}},"300":{"start":{"line":528,"column":16},"end":{"line":528,"column":49}},"301":{"start":{"line":529,"column":8},"end":{"line":529,"column":27}},"302":{"start":{"line":530,"column":8},"end":{"line":536,"column":9}},"303":{"start":{"line":532,"column":12},"end":{"line":535,"column":13}},"304":{"start":{"line":533,"column":37},"end":{"line":533,"column":86}},"305":{"start":{"line":534,"column":16},"end":{"line":534,"column":78}},"306":{"start":{"line":537,"column":8},"end":{"line":537,"column":38}},"307":{"start":{"line":539,"column":4},"end":{"line":539,"column":17}},"308":{"start":{"line":543,"column":15},"end":{"line":543,"column":18}},"309":{"start":{"line":544,"column":4},"end":{"line":548,"column":5}},"310":{"start":{"line":545,"column":8},"end":{"line":545,"column":23}},"311":{"start":{"line":546,"column":8},"end":{"line":547,"column":24}},"312":{"start":{"line":547,"column":12},"end":{"line":547,"column":24}},"313":{"start":{"line":549,"column":4},"end":{"line":549,"column":22}},"314":{"start":{"line":552,"column":4},"end":{"line":553,"column":20}},"315":{"start":{"line":553,"column":8},"end":{"line":553,"column":20}},"316":{"start":{"line":554,"column":4},"end":{"line":554,"column":17}},"317":{"start":{"line":558,"column":15},"end":{"line":558,"column":35}},"318":{"start":{"line":559,"column":17},"end":{"line":559,"column":34}},"319":{"start":{"line":560,"column":13},"end":{"line":560,"column":15}},"320":{"start":{"line":562,"column":4},"end":{"line":563,"column":34}},"321":{"start":{"line":563,"column":8},"end":{"line":563,"column":34}},"322":{"start":{"line":564,"column":4},"end":{"line":570,"column":28}},"323":{"start":{"line":565,"column":8},"end":{"line":565,"column":27}},"324":{"start":{"line":566,"column":8},"end":{"line":567,"column":34}},"325":{"start":{"line":567,"column":12},"end":{"line":567,"column":34}},"326":{"start":{"line":570,"column":8},"end":{"line":570,"column":28}},"327":{"start":{"line":571,"column":4},"end":{"line":571,"column":31}},"328":{"start":{"line":575,"column":17},"end":{"line":575,"column":30}},"329":{"start":{"line":576,"column":4},"end":{"line":577,"column":39}},"330":{"start":{"line":577,"column":8},"end":{"line":577,"column":39}},"331":{"start":{"line":578,"column":4},"end":{"line":578,"column":20}},"332":{"start":{"line":582,"column":4},"end":{"line":582,"column":46}},"333":{"start":{"line":583,"column":4},"end":{"line":583,"column":24}},"334":{"start":{"line":602,"column":4},"end":{"line":602,"column":12}},"335":{"start":{"line":603,"column":4},"end":{"line":603,"column":35}},"336":{"start":{"line":604,"column":4},"end":{"line":604,"column":119}},"337":{"start":{"line":605,"column":4},"end":{"line":616,"column":5}},"338":{"start":{"line":606,"column":18},"end":{"line":606,"column":28}},"339":{"start":{"line":607,"column":33},"end":{"line":607,"column":53}},"340":{"start":{"line":608,"column":21},"end":{"line":608,"column":57}},"341":{"start":{"line":609,"column":8},"end":{"line":614,"column":29}},"342":{"start":{"line":610,"column":12},"end":{"line":610,"column":103}},"343":{"start":{"line":611,"column":12},"end":{"line":611,"column":21}},"344":{"start":{"line":614,"column":12},"end":{"line":614,"column":29}},"345":{"start":{"line":615,"column":8},"end":{"line":615,"column":59}},"346":{"start":{"line":617,"column":4},"end":{"line":617,"column":35}},"347":{"start":{"line":618,"column":4},"end":{"line":618,"column":15}},"348":{"start":{"line":619,"column":4},"end":{"line":619,"column":17}},"349":{"start":{"line":624,"column":21},"end":{"line":624,"column":22}},"350":{"start":{"line":625,"column":24},"end":{"line":625,"column":53}},"351":{"start":{"line":626,"column":4},"end":{"line":629,"column":5}},"352":{"start":{"line":627,"column":8},"end":{"line":627,"column":42}},"353":{"start":{"line":628,"column":8},"end":{"line":628,"column":110}},"354":{"start":{"line":630,"column":4},"end":{"line":640,"column":5}},"355":{"start":{"line":631,"column":8},"end":{"line":631,"column":42}},"356":{"start":{"line":632,"column":21},"end":{"line":632,"column":38}},"357":{"start":{"line":633,"column":8},"end":{"line":635,"column":9}},"358":{"start":{"line":634,"column":12},"end":{"line":634,"column":52}},"359":{"start":{"line":637,"column":8},"end":{"line":637,"column":105}},"360":{"start":{"line":641,"column":4},"end":{"line":641,"column":17}},"361":{"start":{"line":646,"column":15},"end":{"line":646,"column":41}},"362":{"start":{"line":647,"column":4},"end":{"line":654,"column":5}},"363":{"start":{"line":648,"column":20},"end":{"line":648,"column":32}},"364":{"start":{"line":649,"column":25},"end":{"line":649,"column":48}},"365":{"start":{"line":650,"column":8},"end":{"line":653,"column":9}},"366":{"start":{"line":651,"column":33},"end":{"line":651,"column":51}},"367":{"start":{"line":652,"column":12},"end":{"line":652,"column":126}},"368":{"start":{"line":655,"column":4},"end":{"line":655,"column":20}},"369":{"start":{"line":660,"column":18},"end":{"line":660,"column":36}},"370":{"start":{"line":661,"column":4},"end":{"line":666,"column":5}},"371":{"start":{"line":662,"column":8},"end":{"line":662,"column":50}},"372":{"start":{"line":665,"column":8},"end":{"line":665,"column":58}},"373":{"start":{"line":671,"column":4},"end":{"line":672,"column":21}},"374":{"start":{"line":672,"column":8},"end":{"line":672,"column":21}},"375":{"start":{"line":673,"column":4},"end":{"line":673,"column":16}},"376":{"start":{"line":678,"column":22},"end":{"line":678,"column":27}},"377":{"start":{"line":679,"column":4},"end":{"line":695,"column":66}},"378":{"start":{"line":680,"column":25},"end":{"line":680,"column":75}},"379":{"start":{"line":681,"column":8},"end":{"line":694,"column":92}},"380":{"start":{"line":682,"column":25},"end":{"line":682,"column":47}},"381":{"start":{"line":683,"column":20},"end":{"line":683,"column":63}},"382":{"start":{"line":684,"column":12},"end":{"line":684,"column":36}},"383":{"start":{"line":685,"column":12},"end":{"line":685,"column":34}},"384":{"start":{"line":686,"column":24},"end":{"line":686,"column":43}},"385":{"start":{"line":687,"column":12},"end":{"line":687,"column":50}},"386":{"start":{"line":688,"column":12},"end":{"line":688,"column":47}},"387":{"start":{"line":689,"column":12},"end":{"line":689,"column":45}},"388":{"start":{"line":690,"column":24},"end":{"line":690,"column":84}},"389":{"start":{"line":691,"column":12},"end":{"line":691,"column":50}},"390":{"start":{"line":692,"column":12},"end":{"line":692,"column":48}},"391":{"start":{"line":693,"column":12},"end":{"line":693,"column":53}},"392":{"start":{"line":693,"column":35},"end":{"line":693,"column":52}},"393":{"start":{"line":694,"column":12},"end":{"line":694,"column":91}},"394":{"start":{"line":695,"column":8},"end":{"line":695,"column":64}},"395":{"start":{"line":700,"column":4},"end":{"line":703,"column":5}},"396":{"start":{"line":701,"column":8},"end":{"line":701,"column":36}},"397":{"start":{"line":702,"column":8},"end":{"line":702,"column":27}},"398":{"start":{"line":704,"column":18},"end":{"line":704,"column":20}},"399":{"start":{"line":705,"column":4},"end":{"line":705,"column":56}},"400":{"start":{"line":706,"column":4},"end":{"line":706,"column":20}},"401":{"start":{"line":709,"column":4},"end":{"line":709,"column":129}},"402":{"start":{"line":710,"column":4},"end":{"line":710,"column":23}},"403":{"start":{"line":715,"column":15},"end":{"line":715,"column":39}},"404":{"start":{"line":716,"column":4},"end":{"line":727,"column":10}},"405":{"start":{"line":717,"column":20},"end":{"line":717,"column":32}},"406":{"start":{"line":718,"column":33},"end":{"line":718,"column":53}},"407":{"start":{"line":719,"column":21},"end":{"line":719,"column":57}},"408":{"start":{"line":720,"column":8},"end":{"line":722,"column":22}},"409":{"start":{"line":721,"column":12},"end":{"line":721,"column":103}},"410":{"start":{"line":722,"column":12},"end":{"line":722,"column":21}},"411":{"start":{"line":723,"column":8},"end":{"line":727,"column":9}},"412":{"start":{"line":724,"column":31},"end":{"line":724,"column":51}},"413":{"start":{"line":725,"column":25},"end":{"line":725,"column":42}},"414":{"start":{"line":726,"column":12},"end":{"line":726,"column":117}},"415":{"start":{"line":730,"column":4},"end":{"line":730,"column":35}},"416":{"start":{"line":731,"column":4},"end":{"line":731,"column":15}},"417":{"start":{"line":732,"column":4},"end":{"line":732,"column":17}},"418":{"start":{"line":736,"column":4},"end":{"line":742,"column":5}},"419":{"start":{"line":737,"column":21},"end":{"line":737,"column":35}},"420":{"start":{"line":738,"column":8},"end":{"line":738,"column":41}},"421":{"start":{"line":739,"column":8},"end":{"line":739,"column":19}},"422":{"start":{"line":740,"column":8},"end":{"line":740,"column":27}},"423":{"start":{"line":741,"column":8},"end":{"line":741,"column":31}},"424":{"start":{"line":743,"column":4},"end":{"line":743,"column":16}},"425":{"start":{"line":748,"column":24},"end":{"line":748,"column":33}},"426":{"start":{"line":750,"column":4},"end":{"line":752,"column":5}},"427":{"start":{"line":751,"column":8},"end":{"line":751,"column":33}},"428":{"start":{"line":753,"column":4},"end":{"line":753,"column":27}},"429":{"start":{"line":757,"column":10},"end":{"line":757,"column":14}},"430":{"start":{"line":758,"column":4},"end":{"line":775,"column":10}},"431":{"start":{"line":759,"column":19},"end":{"line":759,"column":24}},"432":{"start":{"line":760,"column":20},"end":{"line":760,"column":25}},"433":{"start":{"line":761,"column":16},"end":{"line":761,"column":21}},"434":{"start":{"line":762,"column":18},"end":{"line":762,"column":20}},"435":{"start":{"line":764,"column":8},"end":{"line":764,"column":48}},"436":{"start":{"line":765,"column":8},"end":{"line":765,"column":26}},"437":{"start":{"line":766,"column":8},"end":{"line":766,"column":30}},"438":{"start":{"line":767,"column":8},"end":{"line":767,"column":27}},"439":{"start":{"line":768,"column":8},"end":{"line":769,"column":51}},"440":{"start":{"line":769,"column":12},"end":{"line":769,"column":51}},"441":{"start":{"line":770,"column":8},"end":{"line":775,"column":9}},"442":{"start":{"line":771,"column":12},"end":{"line":771,"column":18}},"443":{"start":{"line":773,"column":12},"end":{"line":773,"column":23}},"444":{"start":{"line":774,"column":12},"end":{"line":774,"column":21}},"445":{"start":{"line":778,"column":14},"end":{"line":778,"column":16}},"446":{"start":{"line":779,"column":4},"end":{"line":784,"column":5}},"447":{"start":{"line":780,"column":8},"end":{"line":780,"column":52}},"448":{"start":{"line":781,"column":8},"end":{"line":781,"column":26}},"449":{"start":{"line":782,"column":8},"end":{"line":782,"column":30}},"450":{"start":{"line":783,"column":8},"end":{"line":783,"column":27}},"451":{"start":{"line":785,"column":4},"end":{"line":785,"column":15}},"452":{"start":{"line":786,"column":4},"end":{"line":786,"column":56}},"453":{"start":{"line":787,"column":4},"end":{"line":787,"column":17}},"454":{"start":{"line":790,"column":19},"end":{"line":790,"column":28}},"455":{"start":{"line":791,"column":4},"end":{"line":791,"column":28}},"456":{"start":{"line":792,"column":4},"end":{"line":792,"column":28}},"457":{"start":{"line":793,"column":4},"end":{"line":801,"column":21}},"458":{"start":{"line":794,"column":8},"end":{"line":794,"column":20}},"459":{"start":{"line":795,"column":8},"end":{"line":795,"column":17}},"460":{"start":{"line":796,"column":8},"end":{"line":796,"column":22}},"461":{"start":{"line":798,"column":9},"end":{"line":801,"column":21}},"462":{"start":{"line":799,"column":8},"end":{"line":799,"column":21}},"463":{"start":{"line":800,"column":9},"end":{"line":801,"column":21}},"464":{"start":{"line":801,"column":8},"end":{"line":801,"column":21}},"465":{"start":{"line":802,"column":16},"end":{"line":802,"column":18}},"466":{"start":{"line":803,"column":4},"end":{"line":803,"column":56}},"467":{"start":{"line":804,"column":4},"end":{"line":804,"column":17}},"468":{"start":{"line":810,"column":4},"end":{"line":812,"column":5}},"469":{"start":{"line":811,"column":8},"end":{"line":811,"column":40}},"470":{"start":{"line":816,"column":17},"end":{"line":816,"column":18}},"471":{"start":{"line":817,"column":4},"end":{"line":834,"column":25}},"472":{"start":{"line":818,"column":8},"end":{"line":834,"column":24}},"473":{"start":{"line":819,"column":25},"end":{"line":819,"column":45}},"474":{"start":{"line":820,"column":12},"end":{"line":820,"column":83}},"475":{"start":{"line":821,"column":12},"end":{"line":821,"column":23}},"476":{"start":{"line":822,"column":12},"end":{"line":825,"column":22}},"477":{"start":{"line":823,"column":16},"end":{"line":823,"column":48}},"478":{"start":{"line":825,"column":16},"end":{"line":825,"column":22}},"479":{"start":{"line":827,"column":26},"end":{"line":827,"column":44}},"480":{"start":{"line":828,"column":12},"end":{"line":834,"column":23}},"481":{"start":{"line":829,"column":16},"end":{"line":829,"column":90}},"482":{"start":{"line":830,"column":16},"end":{"line":830,"column":51}},"483":{"start":{"line":831,"column":16},"end":{"line":831,"column":27}},"484":{"start":{"line":833,"column":16},"end":{"line":833,"column":68}},"485":{"start":{"line":834,"column":16},"end":{"line":834,"column":22}},"486":{"start":{"line":838,"column":21},"end":{"line":838,"column":54}},"487":{"start":{"line":839,"column":4},"end":{"line":840,"column":47}},"488":{"start":{"line":840,"column":8},"end":{"line":840,"column":47}},"489":{"start":{"line":841,"column":4},"end":{"line":848,"column":72}},"490":{"start":{"line":842,"column":27},"end":{"line":842,"column":58}},"491":{"start":{"line":843,"column":8},"end":{"line":845,"column":9}},"492":{"start":{"line":844,"column":12},"end":{"line":844,"column":70}},"493":{"start":{"line":848,"column":8},"end":{"line":848,"column":72}},"494":{"start":{"line":850,"column":4},"end":{"line":850,"column":47}},"495":{"start":{"line":851,"column":4},"end":{"line":851,"column":43}},"496":{"start":{"line":852,"column":4},"end":{"line":852,"column":41}},"497":{"start":{"line":854,"column":4},"end":{"line":854,"column":27}},"498":{"start":{"line":858,"column":15},"end":{"line":858,"column":51}},"499":{"start":{"line":859,"column":16},"end":{"line":859,"column":53}},"500":{"start":{"line":860,"column":24},"end":{"line":860,"column":29}},"501":{"start":{"line":861,"column":16},"end":{"line":861,"column":20}},"502":{"start":{"line":862,"column":17},"end":{"line":862,"column":22}},"503":{"start":{"line":863,"column":4},"end":{"line":869,"column":5}},"504":{"start":{"line":864,"column":8},"end":{"line":864,"column":29}},"505":{"start":{"line":865,"column":8},"end":{"line":865,"column":46}},"506":{"start":{"line":866,"column":8},"end":{"line":866,"column":46}},"507":{"start":{"line":867,"column":8},"end":{"line":867,"column":53}},"508":{"start":{"line":868,"column":8},"end":{"line":868,"column":55}},"509":{"start":{"line":870,"column":4},"end":{"line":874,"column":56}},"510":{"start":{"line":871,"column":8},"end":{"line":871,"column":69}},"511":{"start":{"line":872,"column":8},"end":{"line":872,"column":69}},"512":{"start":{"line":873,"column":8},"end":{"line":873,"column":53}},"513":{"start":{"line":874,"column":8},"end":{"line":874,"column":55}},"514":{"start":{"line":875,"column":4},"end":{"line":875,"column":22}},"515":{"start":{"line":880,"column":4},"end":{"line":891,"column":5}},"516":{"start":{"line":881,"column":8},"end":{"line":887,"column":9}},"517":{"start":{"line":882,"column":12},"end":{"line":882,"column":59}},"518":{"start":{"line":883,"column":12},"end":{"line":886,"column":13}},"519":{"start":{"line":884,"column":16},"end":{"line":884,"column":36}},"520":{"start":{"line":885,"column":16},"end":{"line":885,"column":58}},"521":{"start":{"line":890,"column":8},"end":{"line":890,"column":46}},"522":{"start":{"line":892,"column":4},"end":{"line":892,"column":22}},"523":{"start":{"line":896,"column":4},"end":{"line":899,"column":9}},"524":{"start":{"line":897,"column":8},"end":{"line":899,"column":9}},"525":{"start":{"line":898,"column":12},"end":{"line":898,"column":59}},"526":{"start":{"line":900,"column":4},"end":{"line":900,"column":22}},"527":{"start":{"line":905,"column":4},"end":{"line":905,"column":45}},"528":{"start":{"line":907,"column":4},"end":{"line":911,"column":5}},"529":{"start":{"line":908,"column":8},"end":{"line":909,"column":40}},"530":{"start":{"line":909,"column":12},"end":{"line":909,"column":40}},"531":{"start":{"line":912,"column":4},"end":{"line":912,"column":23}},"532":{"start":{"line":916,"column":4},"end":{"line":926,"column":5}},"533":{"start":{"line":917,"column":8},"end":{"line":920,"column":9}},"534":{"start":{"line":918,"column":12},"end":{"line":918,"column":40}},"535":{"start":{"line":919,"column":12},"end":{"line":919,"column":76}},"536":{"start":{"line":923,"column":8},"end":{"line":925,"column":9}},"537":{"start":{"line":924,"column":12},"end":{"line":924,"column":98}},"538":{"start":{"line":927,"column":4},"end":{"line":927,"column":23}},"539":{"start":{"line":930,"column":4},"end":{"line":940,"column":5}},"540":{"start":{"line":931,"column":17},"end":{"line":931,"column":34}},"541":{"start":{"line":932,"column":8},"end":{"line":932,"column":38}},"542":{"start":{"line":933,"column":8},"end":{"line":933,"column":19}},"543":{"start":{"line":934,"column":8},"end":{"line":938,"column":9}},"544":{"start":{"line":935,"column":12},"end":{"line":935,"column":27}},"545":{"start":{"line":936,"column":12},"end":{"line":937,"column":28}},"546":{"start":{"line":937,"column":16},"end":{"line":937,"column":28}},"547":{"start":{"line":939,"column":8},"end":{"line":939,"column":20}},"548":{"start":{"line":941,"column":4},"end":{"line":941,"column":18}},"549":{"start":{"line":945,"column":22},"end":{"line":945,"column":24}},"550":{"start":{"line":946,"column":4},"end":{"line":953,"column":5}},"551":{"start":{"line":947,"column":26},"end":{"line":947,"column":74}},"552":{"start":{"line":948,"column":8},"end":{"line":952,"column":9}},"553":{"start":{"line":949,"column":22},"end":{"line":949,"column":65}},"554":{"start":{"line":950,"column":12},"end":{"line":950,"column":43}},"555":{"start":{"line":951,"column":12},"end":{"line":951,"column":74}},"556":{"start":{"line":955,"column":4},"end":{"line":955,"column":23}},"557":{"start":{"line":959,"column":4},"end":{"line":975,"column":10}},"558":{"start":{"line":960,"column":8},"end":{"line":975,"column":9}},"559":{"start":{"line":961,"column":33},"end":{"line":961,"column":84}},"560":{"start":{"line":962,"column":12},"end":{"line":962,"column":57}},"561":{"start":{"line":963,"column":30},"end":{"line":963,"column":36}},"562":{"start":{"line":964,"column":12},"end":{"line":974,"column":13}},"563":{"start":{"line":965,"column":29},"end":{"line":965,"column":95}},"564":{"start":{"line":966,"column":16},"end":{"line":966,"column":66}},"565":{"start":{"line":967,"column":26},"end":{"line":967,"column":113}},"566":{"start":{"line":970,"column":28},"end":{"line":970,"column":47}},"567":{"start":{"line":971,"column":16},"end":{"line":971,"column":57}},"568":{"start":{"line":972,"column":16},"end":{"line":972,"column":52}},"569":{"start":{"line":973,"column":16},"end":{"line":973,"column":36}},"570":{"start":{"line":976,"column":4},"end":{"line":976,"column":15}},"571":{"start":{"line":980,"column":4},"end":{"line":982,"column":5}},"572":{"start":{"line":981,"column":8},"end":{"line":981,"column":76}},"573":{"start":{"line":985,"column":4},"end":{"line":985,"column":47}},"574":{"start":{"line":989,"column":4},"end":{"line":989,"column":17}},"575":{"start":{"line":992,"column":4},"end":{"line":999,"column":5}},"576":{"start":{"line":993,"column":8},"end":{"line":993,"column":43}},"577":{"start":{"line":994,"column":8},"end":{"line":998,"column":9}},"578":{"start":{"line":995,"column":12},"end":{"line":995,"column":26}},"579":{"start":{"line":996,"column":12},"end":{"line":996,"column":42}},"580":{"start":{"line":997,"column":12},"end":{"line":997,"column":50}},"581":{"start":{"line":1000,"column":4},"end":{"line":1001,"column":49}},"582":{"start":{"line":1001,"column":8},"end":{"line":1001,"column":49}},"583":{"start":{"line":1003,"column":4},"end":{"line":1006,"column":5}},"584":{"start":{"line":1004,"column":8},"end":{"line":1004,"column":48}},"585":{"start":{"line":1005,"column":8},"end":{"line":1005,"column":50}},"586":{"start":{"line":1008,"column":4},"end":{"line":1008,"column":35}},"587":{"start":{"line":1009,"column":4},"end":{"line":1009,"column":16}},"588":{"start":{"line":1013,"column":4},"end":{"line":1015,"column":5}},"589":{"start":{"line":1014,"column":8},"end":{"line":1014,"column":56}},"590":{"start":{"line":1016,"column":4},"end":{"line":1016,"column":16}},"591":{"start":{"line":1021,"column":4},"end":{"line":1021,"column":41}},"592":{"start":{"line":1022,"column":4},"end":{"line":1035,"column":95}},"593":{"start":{"line":1023,"column":27},"end":{"line":1023,"column":79}},"594":{"start":{"line":1024,"column":8},"end":{"line":1026,"column":9}},"595":{"start":{"line":1025,"column":12},"end":{"line":1025,"column":73}},"596":{"start":{"line":1027,"column":8},"end":{"line":1027,"column":30}},"597":{"
[...]
":{"line":661,"column":4},"end":{"line":666,"column":5}},"type":"if","locations":[{"start":{"line":661,"column":4},"end":{"line":666,"column":5}},{"start":{"line":661,"column":4},"end":{"line":666,"column":5}}],"line":661},"78":{"loc":{"start":{"line":671,"column":4},"end":{"line":672,"column":21}},"type":"if","locations":[{"start":{"line":671,"column":4},"end":{"line":672,"column":21}},{"start":{"line":671,"column":4},"end":{"line":672,"column":21}}],"line":671},"79":{"loc":{"start":{"line":679,"column":4},"end":{"line":695,"column":66}},"type":"if","locations":[{"start":{"line":679,"column":4},"end":{"line":695,"column":66}},{"start":{"line":679,"column":4},"end":{"line":695,"column":66}}],"line":679},"80":{"loc":{"start":{"line":681,"column":8},"end":{"line":694,"column":92}},"type":"if","locations":[{"start":{"line":681,"column":8},"end":{"line":694,"column":92}},{"start":{"line":681,"column":8},"end":{"line":694,"column":92}}],"line":681},"81":{"loc":{"start":{"line":693,"column":12},"end":{"line":693,"column":53}},"type":"if","locations":[{"start":{"line":693,"column":12},"end":{"line":693,"column":53}},{"start":{"line":693,"column":12},"end":{"line":693,"column":53}}],"line":693},"82":{"loc":{"start":{"line":700,"column":4},"end":{"line":703,"column":5}},"type":"if","locations":[{"start":{"line":700,"column":4},"end":{"line":703,"column":5}},{"start":{"line":700,"column":4},"end":{"line":703,"column":5}}],"line":700},"83":{"loc":{"start":{"line":720,"column":8},"end":{"line":722,"column":22}},"type":"if","locations":[{"start":{"line":720,"column":8},"end":{"line":722,"column":22}},{"start":{"line":720,"column":8},"end":{"line":722,"column":22}}],"line":720},"84":{"loc":{"start":{"line":723,"column":8},"end":{"line":727,"column":9}},"type":"if","locations":[{"start":{"line":723,"column":8},"end":{"line":727,"column":9}},{"start":{"line":723,"column":8},"end":{"line":727,"column":9}}],"line":723},"85":{"loc":{"start":{"line":736,"column":4},"end":{"line":742,"column":5}},"type":"if","locations":[{"start":{"line":736,"column":4},"end":{"line":742,"column":5}},{"start":{"line":736,"column":4},"end":{"line":742,"column":5}}],"line":736},"86":{"loc":{"start":{"line":768,"column":8},"end":{"line":769,"column":51}},"type":"if","locations":[{"start":{"line":768,"column":8},"end":{"line":769,"column":51}},{"start":{"line":768,"column":8},"end":{"line":769,"column":51}}],"line":768},"87":{"loc":{"start":{"line":768,"column":12},"end":{"line":768,"column":27}},"type":"binary-expr","locations":[{"start":{"line":768,"column":12},"end":{"line":768,"column":16}},{"start":{"line":768,"column":20},"end":{"line":768,"column":27}}],"line":768},"88":{"loc":{"start":{"line":770,"column":8},"end":{"line":775,"column":9}},"type":"if","locations":[{"start":{"line":770,"column":8},"end":{"line":775,"column":9}},{"start":{"line":770,"column":8},"end":{"line":775,"column":9}}],"line":770},"89":{"loc":{"start":{"line":779,"column":20},"end":{"line":779,"column":54}},"type":"binary-expr","locations":[{"start":{"line":779,"column":20},"end":{"line":779,"column":45}},{"start":{"line":779,"column":49},"end":{"line":779,"column":54}}],"line":779},"90":{"loc":{"start":{"line":793,"column":4},"end":{"line":801,"column":21}},"type":"if","locations":[{"start":{"line":793,"column":4},"end":{"line":801,"column":21}},{"start":{"line":793,"column":4},"end":{"line":801,"column":21}}],"line":793},"91":{"loc":{"start":{"line":793,"column":8},"end":{"line":793,"column":70}},"type":"binary-expr","locations":[{"start":{"line":793,"column":8},"end":{"line":793,"column":32}},{"start":{"line":793,"column":36},"end":{"line":793,"column":70}}],"line":793},"92":{"loc":{"start":{"line":798,"column":9},"end":{"line":801,"column":21}},"type":"if","locations":[{"start":{"line":798,"column":9},"end":{"line":801,"column":21}},{"start":{"line":798,"column":9},"end":{"line":801,"column":21}}],"line":798},"93":{"loc":{"start":{"line":800,"column":9},"end":{"line":801,"column":21}},"type":"if","locations":[{"start":{"line":800,"column":9},"end":{"line":801,"column":21}},{"start":{"line":800,"column":9},"end":{"line":801,"column":21}}],"line":800},"94":{"loc":{"start":{"line":818,"column":8},"end":{"line":834,"column":24}},"type":"if","locations":[{"start":{"line":818,"column":8},"end":{"line":834,"column":24}},{"start":{"line":818,"column":8},"end":{"line":834,"column":24}}],"line":818},"95":{"loc":{"start":{"line":822,"column":12},"end":{"line":825,"column":22}},"type":"if","locations":[{"start":{"line":822,"column":12},"end":{"line":825,"column":22}},{"start":{"line":822,"column":12},"end":{"line":825,"column":22}}],"line":822},"96":{"loc":{"start":{"line":828,"column":12},"end":{"line":834,"column":23}},"type":"if","locations":[{"start":{"line":828,"column":12},"end":{"line":834,"column":23}},{"start":{"line":828,"column":12},"end":{"line":834,"column":23}}],"line":828},"97":{"loc":{"start":{"line":839,"column":4},"end":{"line":840,"column":47}},"type":"if","locations":[{"start":{"line":839,"column":4},"end":{"line":840,"column":47}},{"start":{"line":839,"column":4},"end":{"line":840,"column":47}}],"line":839},"98":{"loc":{"start":{"line":839,"column":8},"end":{"line":839,"column":125}},"type":"binary-expr","locations":[{"start":{"line":839,"column":8},"end":{"line":839,"column":64}},{"start":{"line":839,"column":68},"end":{"line":839,"column":125}}],"line":839},"99":{"loc":{"start":{"line":841,"column":4},"end":{"line":848,"column":72}},"type":"if","locations":[{"start":{"line":841,"column":4},"end":{"line":848,"column":72}},{"start":{"line":841,"column":4},"end":{"line":848,"column":72}}],"line":841},"100":{"loc":{"start":{"line":870,"column":4},"end":{"line":874,"column":56}},"type":"if","locations":[{"start":{"line":870,"column":4},"end":{"line":874,"column":56}},{"start":{"line":870,"column":4},"end":{"line":874,"column":56}}],"line":870},"101":{"loc":{"start":{"line":880,"column":4},"end":{"line":891,"column":5}},"type":"if","locations":[{"start":{"line":880,"column":4},"end":{"line":891,"column":5}},{"start":{"line":880,"column":4},"end":{"line":891,"column":5}}],"line":880},"102":{"loc":{"start":{"line":883,"column":12},"end":{"line":886,"column":13}},"type":"if","locations":[{"start":{"line":883,"column":12},"end":{"line":886,"column":13}},{"start":{"line":883,"column":12},"end":{"line":886,"column":13}}],"line":883},"103":{"loc":{"start":{"line":896,"column":4},"end":{"line":899,"column":9}},"type":"if","locations":[{"start":{"line":896,"column":4},"end":{"line":899,"column":9}},{"start":{"line":896,"column":4},"end":{"line":899,"column":9}}],"line":896},"104":{"loc":{"start":{"line":907,"column":4},"end":{"line":911,"column":5}},"type":"if","locations":[{"start":{"line":907,"column":4},"end":{"line":911,"column":5}},{"start":{"line":907,"column":4},"end":{"line":911,"column":5}}],"line":907},"105":{"loc":{"start":{"line":908,"column":8},"end":{"line":909,"column":40}},"type":"if","locations":[{"start":{"line":908,"column":8},"end":{"line":909,"column":40}},{"start":{"line":908,"column":8},"end":{"line":909,"column":40}}],"line":908},"106":{"loc":{"start":{"line":916,"column":4},"end":{"line":926,"column":5}},"type":"if","locations":[{"start":{"line":916,"column":4},"end":{"line":926,"column":5}},{"start":{"line":916,"column":4},"end":{"line":926,"column":5}}],"line":916},"107":{"loc":{"start":{"line":917,"column":8},"end":{"line":920,"column":9}},"type":"if","locations":[{"start":{"line":917,"column":8},"end":{"line":920,"column":9}},{"start":{"line":917,"column":8},"end":{"line":920,"column":9}}],"line":917},"108":{"loc":{"start":{"line":930,"column":4},"end":{"line":940,"column":5}},"type":"if","locations":[{"start":{"line":930,"column":4},"end":{"line":940,"column":5}},{"start":{"line":930,"column":4},"end":{"line":940,"column":5}}],"line":930},"109":{"loc":{"start":{"line":930,"column":8},"end":{"line":930,"column":54}},"type":"binary-expr","locations":[{"start":{"line":930,"column":8},"end":{"line":930,"column":22}},{"start":{"line":930,"column":26},"end":{"line":930,"column":54}}],"line":930},"110":{"loc":{"start":{"line":936,"column":12},"end":{"line":937,"column":28}},"type":"if","locations":[{"start":{"line":936,"column":12},"end":{"line":937,"column":28}},{"start":{"line":936,"column":12},"end":{"line":937,"column":28}}],"line":936},"111":{"loc":{"start":{"line":946,"column":4},"end":{"line":953,"column":5}},"type":"if","locations":[{"start":{"line":946,"column":4},"end":{"line":953,"column":5}},{"start":{"line":946,"column":4},"end":{"line":953,"column":5}}],"line":946},"112":{"loc":{"start":{"line":960,"column":8},"end":{"line":975,"column":9}},"type":"if","locations":[{"start":{"line":960,"column":8},"end":{"line":975,"column":9}},{"start":{"line":960,"column":8},"end":{"line":975,"column":9}}],"line":960},"113":{"loc":{"start":{"line":964,"column":12},"end":{"line":974,"column":13}},"type":"if","locations":[{"start":{"line":964,"column":12},"end":{"line":974,"column":13}},{"start":{"line":964,"column":12},"end":{"line":974,"column":13}}],"line":964},"114":{"loc":{"start":{"line":992,"column":4},"end":{"line":999,"column":5}},"type":"if","locations":[{"start":{"line":992,"column":4},"end":{"line":999,"column":5}},{"start":{"line":992,"column":4},"end":{"line":999,"column":5}}],"line":992},"115":{"loc":{"start":{"line":994,"column":8},"end":{"line":998,"column":9}},"type":"if","locations":[{"start":{"line":994,"column":8},"end":{"line":998,"column":9}},{"start":{"line":994,"column":8},"end":{"line":998,"column":9}}],"line":994},"116":{"loc":{"start":{"line":1000,"column":4},"end":{"line":1001,"column":49}},"type":"if","locations":[{"start":{"line":1000,"column":4},"end":{"line":1001,"column":49}},{"start":{"line":1000,"column":4},"end":{"line":1001,"column":49}}],"line":1000},"117":{"loc":{"start":{"line":1003,"column":4},"end":{"line":1006,"column":5}},"type":"if","locations":[{"start":{"line":1003,"column":4},"end":{"line":1006,"column":5}},{"start":{"line":1003,"column":4},"end":{"line":1006,"column":5}}],"line":1003},"118":{"loc":{"start":{"line":1013,"column":4},"end":{"line":1015,"column":5}},"type":"if","locations":[{"start":{"line":1013,"column":4},"end":{"line":1015,"column":5}},{"start":{"line":1013,"column":4},"end":{"line":1015,"column":5}}],"line":1013},"119":{"loc":{"start":{"line":1022,"column":4},"end":{"line":1035,"column":95}},"type":"if","locations":[{"start":{"line":1022,"column":4},"end":{"line":1035,"column":95}},{"start":{"line":1022,"column":4},"end":{"line":1035,"column":95}}],"line":1022},"120":{"loc":{"start":{"line":1029,"column":9},"end":{"line":1035,"column":95}},"type":"if","locations":[{"start":{"line":1029,"column":9},"end":{"line":1035,"column":95}},{"start":{"line":1029,"column":9},"end":{"line":1035,"column":95}}],"line":1029},"121":{"loc":{"start":{"line":1034,"column":9},"end":{"line":1035,"column":95}},"type":"if","locations":[{"start":{"line":1034,"column":9},"end":{"line":1035,"column":95}},{"start":{"line":1034,"column":9},"end":{"line":1035,"column":95}}],"line":1034},"122":{"loc":{"start":{"line":1049,"column":4},"end":{"line":1053,"column":5}},"type":"if","locations":[{"start":{"line":1049,"column":4},"end":{"line":1053,"column":5}},{"start":{"line":1049,"column":4},"end":{"line":1053,"column":5}}],"line":1049},"123":{"loc":{"start":{"line":1051,"column":8},"end":{"line":1052,"column":24}},"type":"if","locations":[{"start":{"line":1051,"column":8},"end":{"line":1052,"column":24}},{"start":{"line":1051,"column":8},"end":{"line":1052,"column":24}}],"line":1051},"124":{"loc":{"start":{"line":1057,"column":4},"end":{"line":1061,"column":5}},"type":"if","locations":[{"start":{"line":1057,"column":4},"end":{"line":1061,"column":5}},{"start":{"line":1057,"column":4},"end":{"line":1061,"column":5}}],"line":1057},"125":{"loc":{"start":{"line":1059,"column":8},"end":{"line":1060,"column":24}},"type":"if","locations":[{"start":{"line":1059,"column":8},"end":{"line":1060,"column":24}},{"start":{"line":1059,"column":8},"end":{"line":1060,"column":24}}],"line":1059},"126":{"loc":{"start":{"line":1074,"column":8},"end":{"line":1075,"column":29}},"type":"if","locations":[{"start":{"line":1074,"column":8},"end":{"line":1075,"column":29}},{"start":{"line":1074,"column":8},"end":{"line":1075,"column":29}}],"line":1074}},"s":{"0":1,"1":1,"2":1,"3":1,"4":1,"5":1,"6":1,"7":1,"8":1,"9":1,"10":1,"11":1,"12":1,"13":1,"14":1,"15":1,"16":1,"17":39,"18":252,"19":58,"20":39,"21":39,"22":39,"23":39,"24":39,"25":39,"26":39,"27":39,"28":39,"29":39,"30":39,"31":39,"32":39,"33":39,"34":39,"35":39,"36":39,"37":39,"38":39,"39":39,"40":39,"41":39,"42":39,"43":39,"44":39,"45":37,"46":38,"47":38,"48":37,"49":37,"50":76,"51":254,"52":254,"53":254,"54":2,"55":252,"56":37,"57":37,"58":37,"59":215,"60":215,"61":58,"62":35,"63":37,"64":38,"65":38,"66":1,"67":1,"68":1,"69":1,"70":1,"71":113,"72":58,"73":58,"74":58,"75":58,"76":55,"77":49,"78":49,"79":48,"80":48,"81":1,"82":1,"83":6,"84":6,"85":6,"86":3,"87":3,"88":3,"89":3,"90":34,"91":34,"92":34,"93":6,"94":34,"95":34,"96":34,"97":32,"98":32,"99":41,"100":41,"101":4,"102":4,"103":37,"104":37,"105":24,"106":24,"107":24,"108":6,"109":6,"110":6,"111":6,"112":4,"113":4,"114":6,"115":2,"116":18,"117":8,"118":8,"119":10,"120":83,"121":83,"122":83,"123":12,"124":71,"125":6,"126":6,"127":4,"128":4,"129":2,"130":2,"131":6,"132":6,"133":6,"134":6,"135":6,"136":6,"137":16,"138":16,"139":10,"140":6,"141":6,"142":6,"143":1,"144":6,"145":37,"146":37,"147":37,"148":3,"149":34,"150":37,"151":37,"152":37,"153":37,"154":37,"155":37,"156":37,"157":9,"158":37,"159":2,"160":2,"161":37,"162":37,"163":37,"164":37,"165":32,"166":12,"167":32,"168":11,"169":21,"170":1,"171":21,"172":21,"173":37,"174":60,"175":60,"176":60,"177":34,"178":29,"179":29,"180":29,"181":29,"182":29,"183":29,"184":5,"185":1,"186":4,"187":26,"188":26,"189":26,"190":5,"191":5,"192":5,"193":5,"194":5,"195":5,"196":21,"197":39,"198":39,"199":3,"200":39,"201":3,"202":36,"203":10,"204":26,"205":39,"206":26,"207":20,"208":20,"209":4,"210":20,"211":6,"212":3,"213":3,"214":51,"215":4,"216":47,"217":39,"218":39,"219":1,"220":39,"221":2,"222":37,"223":2,"224":35,"225":39,"226":35,"227":7,"228":7,"229":1,"230":7,"231":28,"232":27,"233":1,"234":25,"235":17,"236":9,"237":8,"238":8,"239":7,"240":1,"241":13,"242":13,"243":3,"244":13,"245":13,"246":13,"247":8,"248":1,"249":7,"250":6,"251":1,"252":5,"253":5,"254":12,"255":48,"256":48,"257":47,"258":48,"259":48,"260":48,"261":44,"262":44,"263":54,"264":54,"265":54,"266":54,"267":1,"268":1,"269":53,"270":53,"271":44,"272":44,"273":44,"274":4,"275":48,"276":17,"277":17,"278":85,"279":85,"280":85,"281":85,"282":4,"283":3,"284":3,"285":4,"286":3,"287":3,"288":1,"289":53,"290":53,"291":53,"292":5,"293":5,"294":53,"295":4,"296":4,"297":4,"298":53,"299":80,"300":13,"301":13,"302":13,"303":36,"304":36,"305":36,"306":13,"307":67,"308":13,"309":13,"310":36,"311":36,"312":23,"313":13,"314":80,"315":13,"316":67,"317":7,"318":7,"319":7,"320":7,"321":3,"322":7,"323":6,"324":6,"325":5,"326":1,"327":7,"328":5,"329":5,"330":4,"331":5,"332":24,"333":24,"334":24,"335":24,"336":24,"337":24,"338":31,"339":31,"340":31,"341":31,"342":4,"343":4,"344":27,"345":27,"346":24,"347":24,"348":24,"349":27,"350":27,"351":27,"352":2,"353":2,"354":27,"355":11,"356":11,"357":11,"358":4,"359":11,"360":27,"361":4,"362":4,"363":18,"364":18,"365":18,"366":1,"367":1,"368":4,"369":133,"370":133,"371":133,"372":0,"373":292,"374":0,"375":292,"376":133,"377":133,"378":133,"379":133,"380":21,"381":21,"382":21,"383":21,"384":21,"385":21,"386":21,"387":21,"388":21,"389":21,"390":21,"391":21,"392":8,"393":21,"394":112,"395":21,"396":8,"397":8,"398":21,"399":21,"400":21,"401":7,"402":7,"403":37,"404":37,"405":42,"406":42,"407":42,"408":42,"409":2,"410":2,"411":40,"412":5,"413":5,"414":5,"415":37,"416":37,"417":37,"418":37,"419":37,"420":37,"421":37,"422":37,"423":37,"424":37,"425":37,"426":37,"427":38,"428":37,"429":254,"430":254,"431":272,"432":272,"433":272,"434":272,"435":272,"436":272,"437":272,"438":272,"439":272,"440":7,"441":272,"442":254,"443":18,"444":18,"445":272,"446":272,"447":329,"448":329,"449":329,"450":329,"451":272,"452":272,"453":272,"454":329,"455":329,"456":329,"457":329,"458":254,"459":254,"460":254,"461":75,"462":5,"463":70,"464":2,"465":329,"466":329,"467":329,"468":39,"469":43,"470":35,"471":35,"472":55,"473":14,"474":14,"475":14,"476":14,"477":5,"478":9,"479":41,"480":41,"481":16,"482":16,"483":16,"484":25,"485":25,"486":32,"487":32,"488":28,"489":32,"490":1,"491":1,"492":2,"493":31,"494":32,"495":32,"496":32,"497":32,"498":30,"499":30,"500":30,"501":30,"502":30,"503":30,"504":56,"505":56,"506":56,"507":56,"508":56,"509":30,"510":1,"511":1,"512":1,"513":1,"514":30,"515":31,"516":2,"517":4,"518":4,"519":2,"520":2,"521":29,"522":31,"523":29,"524":1,"525":1,"526":29,"527":49,"528":49,"529":9,"530":2,"531":49,"532":49,"533":43,"534":19,"535":19,"536":6,"537":20,"538":49,"539":19,"540":15,"541":15,"542":15,"543":15,"544":37,"545":37,"546":22,"547":15,"548":19,"549":15,"550":15,"551":15,"552":15,"553":37,"554":37,"555":37,"556":15,"557":15,"558":37,"559":5,"560":5,"561":5,"562":5,"563":1,"564":1,"565":1,"566":1,"567":1,"568":1,"569":1,"570":15,"571":5,"572":10,"573":5,"574":5,"575":199,"576":46,"577":46,"578":22,"579":22,"580":22,"581":199,"582":45,"583":199,"584":24,"585":24,"586":199,"587":199,"588":200,"589":4,"590":200,"591":22,"592":22,"593":1,"594":1,"595":2,"596":1,"597":21,"598":2,"599":2,"600":2,"601":19,"602":1,"603":18,"604":1,"605":3,"606":1,"607":21,"608":21,"609":21,"610":2,"611":19,"612":19,"613":19,"614":1,"615":110,"616":110,"617":110,"618":39,"619":39,"620":184,"621":184,"622":145,"623":39},"f":{"0":39,"1":39,"2":39,"3":37,"4":76,"5":58,"6":37,"7":113,"8":3,"9":34,"10":41,"11":24,"12":83,"13":6,"14":6,"15":37,"16":37,"17":37,"18":60,"19":26,"20":39,"21":26,"22":51,"23":39,"24":35,"25":25,"26":13,"27":13,"28":48,"29":17,"30":85,"31":4,"32":53,"33":80,"34":13,"35":80,"36":7,"37":5,"38":24,"39":24,"40":27,"41":4,"42":133,"43":292,"44":133,"45":21,"46":7,"47":37,"48":37,"49":37,"50":254,"51":272,"52":329,"53":39,"54":35,"55":32,"56":30,"57":31,"58":29,"59":49,"60":49,"61":19,"62":15,"63":15,"64":5,"65":199,"66":200,"67":22,"68":1,"69":21,"70":19,"71":110,"72":39},"b":{"0":[58,194],"1":[252,113],"2":[37,1],"3":[330,291],"4":[2,252],"5":[37,215],"6":[35,23],"7":[1,37],"8":[58,55],"9":[49,6],"10":[48,1],"11":[6,28],"12":[32,2],"13":[34,3],"14":[4,37],"15":[6,18],"16":[4,2],"17":[2,4],"18":[8,10],"19":[83,0],"20":[12,71],"21":[4,2],"22":[10,6],"23":[1,5],"24":[3,34],"25":[9,28],"26":[2,35],"27":[12,20],"28":[11,21],"29":[1,20],"30":[34,26],"31":[29,5],"32":[34,6],"33":[1,4],"34":[5,21],"35":[3,36],"36":[3,36],"37":[10,26],"38":[20,6],"39":[4,16],"40":[3,3],"41":[4,47],"42":[51,47,10,4],"43":[1,38],"44":[2,37],"45":[2,35],"46":[7,28],"47":[1,6],"48":[27,1],"49":[17,8],"50":[9,8],"51":[7,1],"52":[3,10],"53":[8,5],"54":[1,7],"55":[6,1],"56":[47,1],"57":[44,4],"58":[1,53],"59":[3,1],"60":[3,1],"61":[5,48],"62":[4,49],"63":[13,67],"64":[36,0],"65":[23,13],"66":[13,67],"67":[80,13],"68":[3,4],"69":[6,1],"70":[5,1],"71":[4,1],"72":[4,27],"73":[2,25],"74":[11,16],"75":[4,7],"76":[1,17],"77":[133,0],"78":[0,292],"79":[133,0],"80":[21,112],"81":[8,13],"82":[8,13],"83":[2,40],"84":[5,35],"85":[37,0],"86":[7,265],"87":[272,18],"88":[254,18],"89":[601,583],"90":[254,75],"91":[329,261],"92":[5,70],"93":[2,68],"94":[14,41],"95":[5,9],"96":[16,25],"97":[28,4],"98":[32,5],"99":[1,31],"100":[1,29],"101":[2,29],"102":[2,2],"103":[1,28],"104":[9,40],"105":[2,7],"106":[43,6],"107":[19,24],"108":[15,4],"109":[19,15],"110":[22,15],"111":[15,0],"112":[5,32],"113":[1,4],"114":[46,153],"115":[22,24],"116":[45,154],"117":[24,175],"118":[4,196],"119":[1,21],"120":[2,19],"121":[1,18],"122":[21,0],"123":[2,19],"124":[19,0],"125":[1,18],"126":[145,39]},"_coverageSchema":"332fd63041d2c1bcb487cc26dd0d5f7d97098a6c","hash":"7f58fb5e03de71faf73286a839f947d8068b7abd"}}